{"C:\\Users\\wuban\\Documents\\GitHub\\cse110-sp21-group13\\source\\start.js": {"path":"C:\\Users\\wuban\\Documents\\GitHub\\cse110-sp21-group13\\source\\start.js","statementMap":{"0":{"start":{"line":1,"column":16},"end":{"line":1,"column":34}},"1":{"start":{"line":2,"column":18},"end":{"line":2,"column":46}},"2":{"start":{"line":3,"column":16},"end":{"line":3,"column":42}},"3":{"start":{"line":4,"column":19},"end":{"line":4,"column":41}},"4":{"start":{"line":5,"column":13},"end":{"line":5,"column":28}},"5":{"start":{"line":6,"column":17},"end":{"line":6,"column":36}},"6":{"start":{"line":7,"column":11},"end":{"line":7,"column":24}},"7":{"start":{"line":8,"column":14},"end":{"line":8,"column":30}},"8":{"start":{"line":9,"column":12},"end":{"line":9,"column":21}},"9":{"start":{"line":11,"column":17},"end":{"line":11,"column":22}},"10":{"start":{"line":13,"column":0},"end":{"line":13,"column":27}},"11":{"start":{"line":14,"column":0},"end":{"line":14,"column":50}},"12":{"start":{"line":15,"column":0},"end":{"line":20,"column":4}},"13":{"start":{"line":21,"column":0},"end":{"line":21,"column":31}},"14":{"start":{"line":22,"column":0},"end":{"line":22,"column":28}},"15":{"start":{"line":26,"column":0},"end":{"line":26,"column":31}},"16":{"start":{"line":27,"column":0},"end":{"line":27,"column":29}},"17":{"start":{"line":28,"column":0},"end":{"line":28,"column":39}},"18":{"start":{"line":29,"column":0},"end":{"line":29,"column":39}},"19":{"start":{"line":30,"column":0},"end":{"line":30,"column":23}},"20":{"start":{"line":32,"column":0},"end":{"line":34,"column":2}},"21":{"start":{"line":33,"column":2},"end":{"line":33,"column":35}},"22":{"start":{"line":36,"column":0},"end":{"line":38,"column":2}},"23":{"start":{"line":37,"column":2},"end":{"line":37,"column":36}},"24":{"start":{"line":40,"column":0},"end":{"line":42,"column":2}},"25":{"start":{"line":41,"column":2},"end":{"line":41,"column":39}},"26":{"start":{"line":44,"column":22},"end":{"line":44,"column":64}},"27":{"start":{"line":46,"column":0},"end":{"line":46,"column":16}},"28":{"start":{"line":48,"column":0},"end":{"line":50,"column":3}},"29":{"start":{"line":51,"column":0},"end":{"line":51,"column":55}},"30":{"start":{"line":52,"column":0},"end":{"line":52,"column":45}},"31":{"start":{"line":54,"column":0},"end":{"line":58,"column":3}},"32":{"start":{"line":55,"column":2},"end":{"line":55,"column":53}},"33":{"start":{"line":56,"column":2},"end":{"line":56,"column":21}},"34":{"start":{"line":57,"column":2},"end":{"line":57,"column":33}},"35":{"start":{"line":62,"column":0},"end":{"line":107,"column":1}},"36":{"start":{"line":64,"column":18},"end":{"line":67,"column":3}},"37":{"start":{"line":68,"column":2},"end":{"line":68,"column":77}},"38":{"start":{"line":71,"column":18},"end":{"line":71,"column":20}},"39":{"start":{"line":72,"column":21},"end":{"line":72,"column":22}},"40":{"start":{"line":73,"column":2},"end":{"line":87,"column":5}},"41":{"start":{"line":75,"column":21},"end":{"line":75,"column":35}},"42":{"start":{"line":76,"column":4},"end":{"line":76,"column":31}},"43":{"start":{"line":77,"column":4},"end":{"line":77,"column":46}},"44":{"start":{"line":80,"column":4},"end":{"line":83,"column":7}},"45":{"start":{"line":81,"column":6},"end":{"line":81,"column":48}},"46":{"start":{"line":82,"column":6},"end":{"line":82,"column":31}},"47":{"start":{"line":86,"column":4},"end":{"line":86,"column":28}},"48":{"start":{"line":90,"column":2},"end":{"line":92,"column":5}},"49":{"start":{"line":91,"column":4},"end":{"line":91,"column":34}},"50":{"start":{"line":94,"column":2},"end":{"line":99,"column":3}},"51":{"start":{"line":95,"column":4},"end":{"line":98,"column":5}},"52":{"start":{"line":96,"column":6},"end":{"line":96,"column":51}},"53":{"start":{"line":97,"column":6},"end":{"line":97,"column":34}},"54":{"start":{"line":101,"column":2},"end":{"line":101,"column":55}},"55":{"start":{"line":104,"column":2},"end":{"line":106,"column":5}},"56":{"start":{"line":105,"column":4},"end":{"line":105,"column":46}},"57":{"start":{"line":109,"column":0},"end":{"line":109,"column":31}}},"fnMap":{"0":{"name":"(anonymous_0)","decl":{"start":{"line":32,"column":15},"end":{"line":32,"column":16}},"loc":{"start":{"line":32,"column":33},"end":{"line":34,"column":1}},"line":32},"1":{"name":"(anonymous_1)","decl":{"start":{"line":36,"column":16},"end":{"line":36,"column":17}},"loc":{"start":{"line":36,"column":34},"end":{"line":38,"column":1}},"line":36},"2":{"name":"(anonymous_2)","decl":{"start":{"line":40,"column":19},"end":{"line":40,"column":20}},"loc":{"start":{"line":40,"column":37},"end":{"line":42,"column":1}},"line":40},"3":{"name":"(anonymous_3)","decl":{"start":{"line":54,"column":8},"end":{"line":54,"column":9}},"loc":{"start":{"line":54,"column":38},"end":{"line":58,"column":1}},"line":54},"4":{"name":"(anonymous_4)","decl":{"start":{"line":73,"column":26},"end":{"line":73,"column":27}},"loc":{"start":{"line":73,"column":43},"end":{"line":87,"column":3}},"line":73},"5":{"name":"(anonymous_5)","decl":{"start":{"line":80,"column":23},"end":{"line":80,"column":24}},"loc":{"start":{"line":80,"column":34},"end":{"line":83,"column":5}},"line":80},"6":{"name":"(anonymous_6)","decl":{"start":{"line":90,"column":15},"end":{"line":90,"column":16}},"loc":{"start":{"line":90,"column":26},"end":{"line":92,"column":3}},"line":90},"7":{"name":"(anonymous_7)","decl":{"start":{"line":104,"column":48},"end":{"line":104,"column":49}},"loc":{"start":{"line":104,"column":52},"end":{"line":106,"column":3}},"line":104}},"branchMap":{"0":{"loc":{"start":{"line":62,"column":0},"end":{"line":107,"column":1}},"type":"if","locations":[{"start":{"line":62,"column":0},"end":{"line":107,"column":1}},{"start":{"line":62,"column":0},"end":{"line":107,"column":1}}],"line":62},"1":{"loc":{"start":{"line":68,"column":51},"end":{"line":68,"column":75}},"type":"binary-expr","locations":[{"start":{"line":68,"column":51},"end":{"line":68,"column":67}},{"start":{"line":68,"column":71},"end":{"line":68,"column":75}}],"line":68},"2":{"loc":{"start":{"line":95,"column":4},"end":{"line":98,"column":5}},"type":"if","locations":[{"start":{"line":95,"column":4},"end":{"line":98,"column":5}},{"start":{"line":95,"column":4},"end":{"line":98,"column":5}}],"line":95},"3":{"loc":{"start":{"line":104,"column":22},"end":{"line":104,"column":46}},"type":"binary-expr","locations":[{"start":{"line":104,"column":22},"end":{"line":104,"column":38}},{"start":{"line":104,"column":42},"end":{"line":104,"column":46}}],"line":104}},"s":{"0":5,"1":5,"2":5,"3":5,"4":5,"5":5,"6":5,"7":5,"8":5,"9":5,"10":5,"11":5,"12":5,"13":5,"14":5,"15":5,"16":5,"17":5,"18":5,"19":5,"20":5,"21":0,"22":5,"23":3,"24":5,"25":0,"26":5,"27":5,"28":5,"29":5,"30":5,"31":5,"32":3,"33":3,"34":3,"35":5,"36":0,"37":0,"38":0,"39":0,"40":0,"41":0,"42":0,"43":0,"44":0,"45":0,"46":0,"47":0,"48":0,"49":0,"50":0,"51":0,"52":0,"53":0,"54":0,"55":5,"56":5,"57":5},"f":{"0":0,"1":3,"2":0,"3":3,"4":0,"5":0,"6":0,"7":5},"b":{"0":[0,5],"1":[0,0],"2":[0,0],"3":[5,5]},"_coverageSchema":"1a1c01bbd47fc00a2c39e90264f33305004495a9","hash":"4ad51c69f06e322049243af665ddac1600e070a5"}
,"C:\\Users\\wuban\\Documents\\GitHub\\cse110-sp21-group13\\source\\middleware\\authenticate.js": {"path":"C:\\Users\\wuban\\Documents\\GitHub\\cse110-sp21-group13\\source\\middleware\\authenticate.js","statementMap":{"0":{"start":{"line":1,"column":0},"end":{"line":7,"column":2}},"1":{"start":{"line":2,"column":2},"end":{"line":6,"column":3}},"2":{"start":{"line":3,"column":4},"end":{"line":3,"column":11}},"3":{"start":{"line":5,"column":4},"end":{"line":5,"column":47}}},"fnMap":{"0":{"name":"(anonymous_0)","decl":{"start":{"line":1,"column":17},"end":{"line":1,"column":18}},"loc":{"start":{"line":1,"column":42},"end":{"line":7,"column":1}},"line":1}},"branchMap":{"0":{"loc":{"start":{"line":2,"column":2},"end":{"line":6,"column":3}},"type":"if","locations":[{"start":{"line":2,"column":2},"end":{"line":6,"column":3}},{"start":{"line":2,"column":2},"end":{"line":6,"column":3}}],"line":2}},"s":{"0":5,"1":38,"2":38,"3":0},"f":{"0":38},"b":{"0":[38,0]},"_coverageSchema":"1a1c01bbd47fc00a2c39e90264f33305004495a9","hash":"ccb2ddf9ff1a523bf135f9a388eae24640ee33ee"}
,"C:\\Users\\wuban\\Documents\\GitHub\\cse110-sp21-group13\\source\\routes\\create\\bullet.js": {"path":"C:\\Users\\wuban\\Documents\\GitHub\\cse110-sp21-group13\\source\\routes\\create\\bullet.js","statementMap":{"0":{"start":{"line":1,"column":16},"end":{"line":1,"column":34}},"1":{"start":{"line":2,"column":0},"end":{"line":2,"column":40}},"2":{"start":{"line":3,"column":11},"end":{"line":3,"column":28}},"3":{"start":{"line":4,"column":21},"end":{"line":4,"column":63}},"4":{"start":{"line":16,"column":0},"end":{"line":77,"column":2}},"5":{"start":{"line":22,"column":29},"end":{"line":23,"column":54}},"6":{"start":{"line":24,"column":6},"end":{"line":28,"column":9}},"7":{"start":{"line":25,"column":8},"end":{"line":27,"column":9}},"8":{"start":{"line":26,"column":10},"end":{"line":26,"column":43}},"9":{"start":{"line":30,"column":6},"end":{"line":73,"column":13}},"10":{"start":{"line":50,"column":12},"end":{"line":68,"column":19}},"11":{"start":{"line":52,"column":18},"end":{"line":52,"column":59}},"12":{"start":{"line":54,"column":18},"end":{"line":63,"column":25}},"13":{"start":{"line":57,"column":24},"end":{"line":57,"column":41}},"14":{"start":{"line":58,"column":24},"end":{"line":58,"column":42}},"15":{"start":{"line":61,"column":24},"end":{"line":61,"column":46}},"16":{"start":{"line":62,"column":24},"end":{"line":62,"column":43}},"17":{"start":{"line":66,"column":18},"end":{"line":66,"column":35}},"18":{"start":{"line":67,"column":18},"end":{"line":67,"column":36}},"19":{"start":{"line":71,"column":12},"end":{"line":71,"column":29}},"20":{"start":{"line":72,"column":12},"end":{"line":72,"column":30}}},"fnMap":{"0":{"name":"(anonymous_0)","decl":{"start":{"line":20,"column":8},"end":{"line":20,"column":9}},"loc":{"start":{"line":20,"column":33},"end":{"line":74,"column":5}},"line":20},"1":{"name":"(anonymous_1)","decl":{"start":{"line":24,"column":29},"end":{"line":24,"column":30}},"loc":{"start":{"line":24,"column":49},"end":{"line":28,"column":7}},"line":24},"2":{"name":"(anonymous_2)","decl":{"start":{"line":48,"column":16},"end":{"line":48,"column":17}},"loc":{"start":{"line":48,"column":30},"end":{"line":69,"column":11}},"line":48},"3":{"name":"(anonymous_3)","decl":{"start":{"line":51,"column":22},"end":{"line":51,"column":23}},"loc":{"start":{"line":51,"column":42},"end":{"line":64,"column":17}},"line":51},"4":{"name":"(anonymous_4)","decl":{"start":{"line":55,"column":28},"end":{"line":55,"column":29}},"loc":{"start":{"line":55,"column":34},"end":{"line":55,"column":36}},"line":55},"5":{"name":"(anonymous_5)","decl":{"start":{"line":56,"column":29},"end":{"line":56,"column":30}},"loc":{"start":{"line":56,"column":38},"end":{"line":59,"column":23}},"line":56},"6":{"name":"(anonymous_6)","decl":{"start":{"line":60,"column":28},"end":{"line":60,"column":29}},"loc":{"start":{"line":60,"column":34},"end":{"line":63,"column":23}},"line":60},"7":{"name":"(anonymous_7)","decl":{"start":{"line":65,"column":23},"end":{"line":65,"column":24}},"loc":{"start":{"line":65,"column":32},"end":{"line":68,"column":17}},"line":65},"8":{"name":"(anonymous_8)","decl":{"start":{"line":70,"column":17},"end":{"line":70,"column":18}},"loc":{"start":{"line":70,"column":26},"end":{"line":73,"column":11}},"line":70}},"branchMap":{"0":{"loc":{"start":{"line":25,"column":8},"end":{"line":27,"column":9}},"type":"if","locations":[{"start":{"line":25,"column":8},"end":{"line":27,"column":9}},{"start":{"line":25,"column":8},"end":{"line":27,"column":9}}],"line":25}},"s":{"0":5,"1":5,"2":5,"3":5,"4":5,"5":1,"6":1,"7":7,"8":0,"9":1,"10":1,"11":1,"12":1,"13":0,"14":0,"15":1,"16":1,"17":0,"18":0,"19":0,"20":0},"f":{"0":1,"1":7,"2":1,"3":1,"4":1,"5":0,"6":1,"7":0,"8":0},"b":{"0":[0,7]},"_coverageSchema":"1a1c01bbd47fc00a2c39e90264f33305004495a9","hash":"66b2770c63a004b68d71c39f549076064e1bba33"}
,"C:\\Users\\wuban\\Documents\\GitHub\\cse110-sp21-group13\\source\\routes\\create\\daily.js": {"path":"C:\\Users\\wuban\\Documents\\GitHub\\cse110-sp21-group13\\source\\routes\\create\\daily.js","statementMap":{"0":{"start":{"line":1,"column":16},"end":{"line":1,"column":34}},"1":{"start":{"line":2,"column":0},"end":{"line":2,"column":40}},"2":{"start":{"line":3,"column":11},"end":{"line":3,"column":28}},"3":{"start":{"line":4,"column":21},"end":{"line":4,"column":63}},"4":{"start":{"line":15,"column":0},"end":{"line":48,"column":2}},"5":{"start":{"line":21,"column":29},"end":{"line":21,"column":56}},"6":{"start":{"line":22,"column":6},"end":{"line":26,"column":9}},"7":{"start":{"line":23,"column":8},"end":{"line":25,"column":9}},"8":{"start":{"line":24,"column":10},"end":{"line":24,"column":43}},"9":{"start":{"line":27,"column":6},"end":{"line":45,"column":13}},"10":{"start":{"line":40,"column":12},"end":{"line":40,"column":31}},"11":{"start":{"line":43,"column":12},"end":{"line":43,"column":29}},"12":{"start":{"line":44,"column":12},"end":{"line":44,"column":30}}},"fnMap":{"0":{"name":"(anonymous_0)","decl":{"start":{"line":19,"column":8},"end":{"line":19,"column":9}},"loc":{"start":{"line":19,"column":33},"end":{"line":46,"column":5}},"line":19},"1":{"name":"(anonymous_1)","decl":{"start":{"line":22,"column":29},"end":{"line":22,"column":30}},"loc":{"start":{"line":22,"column":51},"end":{"line":26,"column":7}},"line":22},"2":{"name":"(anonymous_2)","decl":{"start":{"line":39,"column":16},"end":{"line":39,"column":17}},"loc":{"start":{"line":39,"column":30},"end":{"line":41,"column":11}},"line":39},"3":{"name":"(anonymous_3)","decl":{"start":{"line":42,"column":17},"end":{"line":42,"column":18}},"loc":{"start":{"line":42,"column":26},"end":{"line":45,"column":11}},"line":42}},"branchMap":{"0":{"loc":{"start":{"line":23,"column":8},"end":{"line":25,"column":9}},"type":"if","locations":[{"start":{"line":23,"column":8},"end":{"line":25,"column":9}},{"start":{"line":23,"column":8},"end":{"line":25,"column":9}}],"line":23}},"s":{"0":5,"1":5,"2":5,"3":5,"4":5,"5":6,"6":6,"7":18,"8":0,"9":6,"10":6,"11":0,"12":0},"f":{"0":6,"1":18,"2":6,"3":0},"b":{"0":[0,18]},"_coverageSchema":"1a1c01bbd47fc00a2c39e90264f33305004495a9","hash":"6844a0e710edb04862942e582a60ace439747237"}
,"C:\\Users\\wuban\\Documents\\GitHub\\cse110-sp21-group13\\source\\routes\\create\\month.js": {"path":"C:\\Users\\wuban\\Documents\\GitHub\\cse110-sp21-group13\\source\\routes\\create\\month.js","statementMap":{"0":{"start":{"line":1,"column":16},"end":{"line":1,"column":34}},"1":{"start":{"line":2,"column":0},"end":{"line":2,"column":40}},"2":{"start":{"line":3,"column":11},"end":{"line":3,"column":28}},"3":{"start":{"line":4,"column":21},"end":{"line":4,"column":63}},"4":{"start":{"line":15,"column":0},"end":{"line":47,"column":2}},"5":{"start":{"line":21,"column":29},"end":{"line":21,"column":49}},"6":{"start":{"line":22,"column":6},"end":{"line":26,"column":9}},"7":{"start":{"line":23,"column":8},"end":{"line":25,"column":9}},"8":{"start":{"line":24,"column":10},"end":{"line":24,"column":43}},"9":{"start":{"line":27,"column":6},"end":{"line":44,"column":13}},"10":{"start":{"line":38,"column":12},"end":{"line":38,"column":34}},"11":{"start":{"line":39,"column":12},"end":{"line":39,"column":31}},"12":{"start":{"line":42,"column":12},"end":{"line":42,"column":29}},"13":{"start":{"line":43,"column":12},"end":{"line":43,"column":30}}},"fnMap":{"0":{"name":"(anonymous_0)","decl":{"start":{"line":19,"column":8},"end":{"line":19,"column":9}},"loc":{"start":{"line":19,"column":33},"end":{"line":45,"column":5}},"line":19},"1":{"name":"(anonymous_1)","decl":{"start":{"line":22,"column":29},"end":{"line":22,"column":30}},"loc":{"start":{"line":22,"column":50},"end":{"line":26,"column":7}},"line":22},"2":{"name":"(anonymous_2)","decl":{"start":{"line":37,"column":16},"end":{"line":37,"column":17}},"loc":{"start":{"line":37,"column":30},"end":{"line":40,"column":11}},"line":37},"3":{"name":"(anonymous_3)","decl":{"start":{"line":41,"column":17},"end":{"line":41,"column":18}},"loc":{"start":{"line":41,"column":26},"end":{"line":44,"column":11}},"line":41}},"branchMap":{"0":{"loc":{"start":{"line":23,"column":8},"end":{"line":25,"column":9}},"type":"if","locations":[{"start":{"line":23,"column":8},"end":{"line":25,"column":9}},{"start":{"line":23,"column":8},"end":{"line":25,"column":9}}],"line":23}},"s":{"0":5,"1":5,"2":5,"3":5,"4":5,"5":1,"6":1,"7":2,"8":0,"9":1,"10":1,"11":1,"12":0,"13":0},"f":{"0":1,"1":2,"2":1,"3":0},"b":{"0":[0,2]},"_coverageSchema":"1a1c01bbd47fc00a2c39e90264f33305004495a9","hash":"6cd50322ba1c92d32b459a09aaaf5212366aedee"}
,"C:\\Users\\wuban\\Documents\\GitHub\\cse110-sp21-group13\\source\\routes\\create\\session.js": {"path":"C:\\Users\\wuban\\Documents\\GitHub\\cse110-sp21-group13\\source\\routes\\create\\session.js","statementMap":{"0":{"start":{"line":1,"column":17},"end":{"line":1,"column":36}},"1":{"start":{"line":3,"column":0},"end":{"line":25,"column":2}},"2":{"start":{"line":16,"column":6},"end":{"line":16,"column":36}},"3":{"start":{"line":22,"column":6},"end":{"line":22,"column":47}}},"fnMap":{"0":{"name":"(anonymous_0)","decl":{"start":{"line":11,"column":8},"end":{"line":11,"column":9}},"loc":{"start":{"line":11,"column":33},"end":{"line":11,"column":35}},"line":11},"1":{"name":"(anonymous_1)","decl":{"start":{"line":15,"column":8},"end":{"line":15,"column":9}},"loc":{"start":{"line":15,"column":33},"end":{"line":17,"column":5}},"line":15},"2":{"name":"(anonymous_2)","decl":{"start":{"line":21,"column":8},"end":{"line":21,"column":9}},"loc":{"start":{"line":21,"column":33},"end":{"line":23,"column":5}},"line":21}},"branchMap":{},"s":{"0":5,"1":5,"2":1,"3":1},"f":{"0":0,"1":1,"2":1},"b":{},"_coverageSchema":"1a1c01bbd47fc00a2c39e90264f33305004495a9","hash":"3d8e1f3785ee5811a8e9993c984b572a3d6d4392"}
,"C:\\Users\\wuban\\Documents\\GitHub\\cse110-sp21-group13\\source\\routes\\create\\user.js": {"path":"C:\\Users\\wuban\\Documents\\GitHub\\cse110-sp21-group13\\source\\routes\\create\\user.js","statementMap":{"0":{"start":{"line":1,"column":16},"end":{"line":1,"column":34}},"1":{"start":{"line":2,"column":0},"end":{"line":2,"column":40}},"2":{"start":{"line":3,"column":11},"end":{"line":3,"column":28}},"3":{"start":{"line":4,"column":15},"end":{"line":4,"column":32}},"4":{"start":{"line":7,"column":0},"end":{"line":38,"column":2}},"5":{"start":{"line":12,"column":29},"end":{"line":12,"column":53}},"6":{"start":{"line":14,"column":6},"end":{"line":18,"column":9}},"7":{"start":{"line":15,"column":8},"end":{"line":17,"column":9}},"8":{"start":{"line":16,"column":10},"end":{"line":16,"column":43}},"9":{"start":{"line":20,"column":6},"end":{"line":35,"column":9}},"10":{"start":{"line":21,"column":8},"end":{"line":34,"column":11}},"11":{"start":{"line":31,"column":10},"end":{"line":31,"column":29}},"12":{"start":{"line":33,"column":10},"end":{"line":33,"column":28}}},"fnMap":{"0":{"name":"(anonymous_0)","decl":{"start":{"line":10,"column":8},"end":{"line":10,"column":9}},"loc":{"start":{"line":10,"column":33},"end":{"line":36,"column":5}},"line":10},"1":{"name":"(anonymous_1)","decl":{"start":{"line":14,"column":29},"end":{"line":14,"column":30}},"loc":{"start":{"line":14,"column":51},"end":{"line":18,"column":7}},"line":14},"2":{"name":"(anonymous_2)","decl":{"start":{"line":20,"column":50},"end":{"line":20,"column":51}},"loc":{"start":{"line":20,"column":70},"end":{"line":35,"column":7}},"line":20},"3":{"name":"(anonymous_3)","decl":{"start":{"line":30,"column":16},"end":{"line":30,"column":17}},"loc":{"start":{"line":30,"column":30},"end":{"line":32,"column":9}},"line":30},"4":{"name":"(anonymous_4)","decl":{"start":{"line":32,"column":17},"end":{"line":32,"column":18}},"loc":{"start":{"line":32,"column":26},"end":{"line":34,"column":9}},"line":32}},"branchMap":{"0":{"loc":{"start":{"line":15,"column":8},"end":{"line":17,"column":9}},"type":"if","locations":[{"start":{"line":15,"column":8},"end":{"line":17,"column":9}},{"start":{"line":15,"column":8},"end":{"line":17,"column":9}}],"line":15}},"s":{"0":5,"1":5,"2":5,"3":5,"4":5,"5":5,"6":5,"7":10,"8":1,"9":4,"10":4,"11":4,"12":0},"f":{"0":5,"1":10,"2":4,"3":4,"4":0},"b":{"0":[1,9]},"_coverageSchema":"1a1c01bbd47fc00a2c39e90264f33305004495a9","hash":"f6474d7c0cb3bbc8fcc19d9293d66c4b93d82990"}
,"C:\\Users\\wuban\\Documents\\GitHub\\cse110-sp21-group13\\source\\routes\\delete\\bullet.js": {"path":"C:\\Users\\wuban\\Documents\\GitHub\\cse110-sp21-group13\\source\\routes\\delete\\bullet.js","statementMap":{"0":{"start":{"line":1,"column":16},"end":{"line":1,"column":34}},"1":{"start":{"line":2,"column":0},"end":{"line":2,"column":40}},"2":{"start":{"line":3,"column":11},"end":{"line":3,"column":28}},"3":{"start":{"line":4,"column":21},"end":{"line":4,"column":63}},"4":{"start":{"line":12,"column":0},"end":{"line":51,"column":2}},"5":{"start":{"line":17,"column":6},"end":{"line":48,"column":13}},"6":{"start":{"line":27,"column":12},"end":{"line":27,"column":67}},"7":{"start":{"line":28,"column":12},"end":{"line":28,"column":32}},"8":{"start":{"line":31,"column":12},"end":{"line":44,"column":19}},"9":{"start":{"line":38,"column":14},"end":{"line":40,"column":17}},"10":{"start":{"line":39,"column":16},"end":{"line":39,"column":45}},"11":{"start":{"line":43,"column":18},"end":{"line":43,"column":35}},"12":{"start":{"line":47,"column":12},"end":{"line":47,"column":29}}},"fnMap":{"0":{"name":"(anonymous_0)","decl":{"start":{"line":16,"column":8},"end":{"line":16,"column":9}},"loc":{"start":{"line":16,"column":33},"end":{"line":49,"column":5}},"line":16},"1":{"name":"(anonymous_1)","decl":{"start":{"line":25,"column":16},"end":{"line":25,"column":17}},"loc":{"start":{"line":25,"column":30},"end":{"line":29,"column":11}},"line":25},"2":{"name":"(anonymous_2)","decl":{"start":{"line":29,"column":18},"end":{"line":29,"column":19}},"loc":{"start":{"line":29,"column":23},"end":{"line":45,"column":11}},"line":29},"3":{"name":"(anonymous_3)","decl":{"start":{"line":37,"column":21},"end":{"line":37,"column":22}},"loc":{"start":{"line":37,"column":35},"end":{"line":41,"column":13}},"line":37},"4":{"name":"(anonymous_4)","decl":{"start":{"line":38,"column":36},"end":{"line":38,"column":37}},"loc":{"start":{"line":38,"column":52},"end":{"line":40,"column":15}},"line":38},"5":{"name":"(anonymous_5)","decl":{"start":{"line":42,"column":23},"end":{"line":42,"column":24}},"loc":{"start":{"line":42,"column":32},"end":{"line":44,"column":17}},"line":42},"6":{"name":"(anonymous_6)","decl":{"start":{"line":46,"column":17},"end":{"line":46,"column":18}},"loc":{"start":{"line":46,"column":26},"end":{"line":48,"column":11}},"line":46}},"branchMap":{},"s":{"0":5,"1":5,"2":5,"3":5,"4":5,"5":1,"6":1,"7":1,"8":1,"9":1,"10":0,"11":0,"12":0},"f":{"0":1,"1":1,"2":1,"3":1,"4":0,"5":0,"6":0},"b":{},"_coverageSchema":"1a1c01bbd47fc00a2c39e90264f33305004495a9","hash":"9eb642c3e675f62a98b71c732cf0840bce36b45f"}
,"C:\\Users\\wuban\\Documents\\GitHub\\cse110-sp21-group13\\source\\routes\\delete\\daily.js": {"path":"C:\\Users\\wuban\\Documents\\GitHub\\cse110-sp21-group13\\source\\routes\\delete\\daily.js","statementMap":{"0":{"start":{"line":1,"column":16},"end":{"line":1,"column":34}},"1":{"start":{"line":2,"column":0},"end":{"line":2,"column":40}},"2":{"start":{"line":3,"column":11},"end":{"line":3,"column":28}},"3":{"start":{"line":4,"column":21},"end":{"line":4,"column":63}},"4":{"start":{"line":9,"column":0},"end":{"line":53,"column":2}},"5":{"start":{"line":15,"column":6},"end":{"line":50,"column":13}},"6":{"start":{"line":25,"column":12},"end":{"line":42,"column":15}},"7":{"start":{"line":26,"column":14},"end":{"line":41,"column":21}},"8":{"start":{"line":36,"column":20},"end":{"line":36,"column":72}},"9":{"start":{"line":39,"column":20},"end":{"line":39,"column":37}},"10":{"start":{"line":40,"column":20},"end":{"line":40,"column":38}},"11":{"start":{"line":44,"column":12},"end":{"line":44,"column":67}},"12":{"start":{"line":45,"column":12},"end":{"line":45,"column":32}},"13":{"start":{"line":48,"column":12},"end":{"line":48,"column":29}},"14":{"start":{"line":49,"column":12},"end":{"line":49,"column":30}}},"fnMap":{"0":{"name":"(anonymous_0)","decl":{"start":{"line":13,"column":8},"end":{"line":13,"column":9}},"loc":{"start":{"line":13,"column":33},"end":{"line":51,"column":5}},"line":13},"1":{"name":"(anonymous_1)","decl":{"start":{"line":23,"column":16},"end":{"line":23,"column":17}},"loc":{"start":{"line":23,"column":30},"end":{"line":46,"column":11}},"line":23},"2":{"name":"(anonymous_2)","decl":{"start":{"line":25,"column":45},"end":{"line":25,"column":46}},"loc":{"start":{"line":25,"column":64},"end":{"line":42,"column":13}},"line":25},"3":{"name":"(anonymous_3)","decl":{"start":{"line":34,"column":24},"end":{"line":34,"column":25}},"loc":{"start":{"line":34,"column":38},"end":{"line":37,"column":19}},"line":34},"4":{"name":"(anonymous_4)","decl":{"start":{"line":38,"column":25},"end":{"line":38,"column":26}},"loc":{"start":{"line":38,"column":34},"end":{"line":41,"column":19}},"line":38},"5":{"name":"(anonymous_5)","decl":{"start":{"line":47,"column":17},"end":{"line":47,"column":18}},"loc":{"start":{"line":47,"column":26},"end":{"line":50,"column":11}},"line":47}},"branchMap":{},"s":{"0":5,"1":5,"2":5,"3":5,"4":5,"5":2,"6":2,"7":0,"8":0,"9":0,"10":0,"11":1,"12":1,"13":1,"14":1},"f":{"0":2,"1":2,"2":0,"3":0,"4":0,"5":1},"b":{},"_coverageSchema":"1a1c01bbd47fc00a2c39e90264f33305004495a9","hash":"6565abab62d664624847d7877c2eb982e55a6181"}
,"C:\\Users\\wuban\\Documents\\GitHub\\cse110-sp21-group13\\source\\routes\\delete\\month.js": {"path":"C:\\Users\\wuban\\Documents\\GitHub\\cse110-sp21-group13\\source\\routes\\delete\\month.js","statementMap":{"0":{"start":{"line":1,"column":16},"end":{"line":1,"column":34}},"1":{"start":{"line":2,"column":0},"end":{"line":2,"column":40}},"2":{"start":{"line":3,"column":11},"end":{"line":3,"column":28}},"3":{"start":{"line":4,"column":21},"end":{"line":4,"column":63}},"4":{"start":{"line":9,"column":0},"end":{"line":53,"column":2}},"5":{"start":{"line":15,"column":6},"end":{"line":50,"column":13}},"6":{"start":{"line":25,"column":12},"end":{"line":42,"column":15}},"7":{"start":{"line":26,"column":14},"end":{"line":41,"column":21}},"8":{"start":{"line":36,"column":20},"end":{"line":36,"column":72}},"9":{"start":{"line":39,"column":20},"end":{"line":39,"column":37}},"10":{"start":{"line":40,"column":20},"end":{"line":40,"column":38}},"11":{"start":{"line":44,"column":12},"end":{"line":44,"column":67}},"12":{"start":{"line":45,"column":12},"end":{"line":45,"column":32}},"13":{"start":{"line":48,"column":12},"end":{"line":48,"column":29}},"14":{"start":{"line":49,"column":12},"end":{"line":49,"column":30}}},"fnMap":{"0":{"name":"(anonymous_0)","decl":{"start":{"line":13,"column":8},"end":{"line":13,"column":9}},"loc":{"start":{"line":13,"column":33},"end":{"line":51,"column":5}},"line":13},"1":{"name":"(anonymous_1)","decl":{"start":{"line":23,"column":16},"end":{"line":23,"column":17}},"loc":{"start":{"line":23,"column":30},"end":{"line":46,"column":11}},"line":23},"2":{"name":"(anonymous_2)","decl":{"start":{"line":25,"column":45},"end":{"line":25,"column":46}},"loc":{"start":{"line":25,"column":64},"end":{"line":42,"column":13}},"line":25},"3":{"name":"(anonymous_3)","decl":{"start":{"line":34,"column":24},"end":{"line":34,"column":25}},"loc":{"start":{"line":34,"column":38},"end":{"line":37,"column":19}},"line":34},"4":{"name":"(anonymous_4)","decl":{"start":{"line":38,"column":25},"end":{"line":38,"column":26}},"loc":{"start":{"line":38,"column":34},"end":{"line":41,"column":19}},"line":38},"5":{"name":"(anonymous_5)","decl":{"start":{"line":47,"column":17},"end":{"line":47,"column":18}},"loc":{"start":{"line":47,"column":26},"end":{"line":50,"column":11}},"line":47}},"branchMap":{},"s":{"0":5,"1":5,"2":5,"3":5,"4":5,"5":2,"6":2,"7":0,"8":0,"9":0,"10":0,"11":1,"12":1,"13":1,"14":1},"f":{"0":2,"1":2,"2":0,"3":0,"4":0,"5":1},"b":{},"_coverageSchema":"1a1c01bbd47fc00a2c39e90264f33305004495a9","hash":"d600d9502c7aa2018bd2bdc8192d36292d02fb07"}
,"C:\\Users\\wuban\\Documents\\GitHub\\cse110-sp21-group13\\source\\routes\\delete\\session.js": {"path":"C:\\Users\\wuban\\Documents\\GitHub\\cse110-sp21-group13\\source\\routes\\delete\\session.js","statementMap":{"0":{"start":{"line":1,"column":0},"end":{"line":16,"column":2}},"1":{"start":{"line":6,"column":6},"end":{"line":6,"column":19}},"2":{"start":{"line":7,"column":6},"end":{"line":13,"column":9}},"3":{"start":{"line":8,"column":8},"end":{"line":10,"column":9}},"4":{"start":{"line":9,"column":10},"end":{"line":9,"column":27}},"5":{"start":{"line":12,"column":8},"end":{"line":12,"column":38}}},"fnMap":{"0":{"name":"(anonymous_0)","decl":{"start":{"line":5,"column":8},"end":{"line":5,"column":9}},"loc":{"start":{"line":5,"column":33},"end":{"line":14,"column":5}},"line":5},"1":{"name":"(anonymous_1)","decl":{"start":{"line":7,"column":26},"end":{"line":7,"column":27}},"loc":{"start":{"line":7,"column":40},"end":{"line":13,"column":7}},"line":7}},"branchMap":{"0":{"loc":{"start":{"line":8,"column":8},"end":{"line":10,"column":9}},"type":"if","locations":[{"start":{"line":8,"column":8},"end":{"line":10,"column":9}},{"start":{"line":8,"column":8},"end":{"line":10,"column":9}}],"line":8}},"s":{"0":5,"1":2,"2":2,"3":2,"4":0,"5":2},"f":{"0":2,"1":2},"b":{"0":[0,2]},"_coverageSchema":"1a1c01bbd47fc00a2c39e90264f33305004495a9","hash":"dec68bc5528f74146673295066fcd4f05ad25fc5"}
,"C:\\Users\\wuban\\Documents\\GitHub\\cse110-sp21-group13\\source\\routes\\delete\\user-data.js": {"path":"C:\\Users\\wuban\\Documents\\GitHub\\cse110-sp21-group13\\source\\routes\\delete\\user-data.js","statementMap":{"0":{"start":{"line":1,"column":16},"end":{"line":1,"column":34}},"1":{"start":{"line":2,"column":0},"end":{"line":2,"column":40}},"2":{"start":{"line":3,"column":11},"end":{"line":3,"column":28}},"3":{"start":{"line":4,"column":21},"end":{"line":4,"column":63}},"4":{"start":{"line":7,"column":0},"end":{"line":51,"column":2}},"5":{"start":{"line":13,"column":6},"end":{"line":21,"column":9}},"6":{"start":{"line":18,"column":8},"end":{"line":18,"column":28}},"7":{"start":{"line":20,"column":8},"end":{"line":20,"column":26}},"8":{"start":{"line":24,"column":6},"end":{"line":37,"column":13}},"9":{"start":{"line":30,"column":12},"end":{"line":32,"column":15}},"10":{"start":{"line":31,"column":14},"end":{"line":31,"column":43}},"11":{"start":{"line":35,"column":12},"end":{"line":35,"column":29}},"12":{"start":{"line":36,"column":12},"end":{"line":36,"column":30}},"13":{"start":{"line":40,"column":6},"end":{"line":48,"column":13}},"14":{"start":{"line":42,"column":12},"end":{"line":42,"column":51}},"15":{"start":{"line":43,"column":12},"end":{"line":43,"column":32}},"16":{"start":{"line":46,"column":12},"end":{"line":46,"column":29}},"17":{"start":{"line":47,"column":12},"end":{"line":47,"column":30}}},"fnMap":{"0":{"name":"(anonymous_0)","decl":{"start":{"line":11,"column":8},"end":{"line":11,"column":9}},"loc":{"start":{"line":11,"column":33},"end":{"line":49,"column":5}},"line":11},"1":{"name":"(anonymous_1)","decl":{"start":{"line":17,"column":14},"end":{"line":17,"column":15}},"loc":{"start":{"line":17,"column":26},"end":{"line":19,"column":7}},"line":17},"2":{"name":"(anonymous_2)","decl":{"start":{"line":19,"column":15},"end":{"line":19,"column":16}},"loc":{"start":{"line":19,"column":24},"end":{"line":21,"column":7}},"line":19},"3":{"name":"(anonymous_3)","decl":{"start":{"line":29,"column":16},"end":{"line":29,"column":17}},"loc":{"start":{"line":29,"column":30},"end":{"line":33,"column":11}},"line":29},"4":{"name":"(anonymous_4)","decl":{"start":{"line":30,"column":34},"end":{"line":30,"column":35}},"loc":{"start":{"line":30,"column":50},"end":{"line":32,"column":13}},"line":30},"5":{"name":"(anonymous_5)","decl":{"start":{"line":34,"column":17},"end":{"line":34,"column":18}},"loc":{"start":{"line":34,"column":26},"end":{"line":37,"column":11}},"line":34},"6":{"name":"(anonymous_6)","decl":{"start":{"line":41,"column":16},"end":{"line":41,"column":17}},"loc":{"start":{"line":41,"column":30},"end":{"line":44,"column":11}},"line":41},"7":{"name":"(anonymous_7)","decl":{"start":{"line":45,"column":17},"end":{"line":45,"column":18}},"loc":{"start":{"line":45,"column":26},"end":{"line":48,"column":11}},"line":45}},"branchMap":{},"s":{"0":5,"1":5,"2":5,"3":5,"4":5,"5":3,"6":2,"7":0,"8":3,"9":1,"10":2,"11":0,"12":0,"13":3,"14":2,"15":2,"16":1,"17":1},"f":{"0":3,"1":2,"2":0,"3":1,"4":2,"5":0,"6":2,"7":1},"b":{},"_coverageSchema":"1a1c01bbd47fc00a2c39e90264f33305004495a9","hash":"6999ad6a6c3a436f26141da4cc5b45a0eb7d2a62"}
,"C:\\Users\\wuban\\Documents\\GitHub\\cse110-sp21-group13\\source\\routes\\read\\bullet.js": {"path":"C:\\Users\\wuban\\Documents\\GitHub\\cse110-sp21-group13\\source\\routes\\read\\bullet.js","statementMap":{"0":{"start":{"line":1,"column":16},"end":{"line":1,"column":34}},"1":{"start":{"line":2,"column":0},"end":{"line":2,"column":40}},"2":{"start":{"line":3,"column":11},"end":{"line":3,"column":28}},"3":{"start":{"line":4,"column":21},"end":{"line":4,"column":63}},"4":{"start":{"line":11,"column":0},"end":{"line":31,"column":2}},"5":{"start":{"line":16,"column":6},"end":{"line":28,"column":9}},"6":{"start":{"line":24,"column":8},"end":{"line":24,"column":35}},"7":{"start":{"line":26,"column":8},"end":{"line":26,"column":25}},"8":{"start":{"line":27,"column":8},"end":{"line":27,"column":26}}},"fnMap":{"0":{"name":"(anonymous_0)","decl":{"start":{"line":15,"column":8},"end":{"line":15,"column":9}},"loc":{"start":{"line":15,"column":33},"end":{"line":29,"column":5}},"line":15},"1":{"name":"(anonymous_1)","decl":{"start":{"line":23,"column":14},"end":{"line":23,"column":15}},"loc":{"start":{"line":23,"column":28},"end":{"line":25,"column":7}},"line":23},"2":{"name":"(anonymous_2)","decl":{"start":{"line":25,"column":15},"end":{"line":25,"column":16}},"loc":{"start":{"line":25,"column":24},"end":{"line":28,"column":7}},"line":25}},"branchMap":{},"s":{"0":5,"1":5,"2":5,"3":5,"4":5,"5":0,"6":0,"7":0,"8":0},"f":{"0":0,"1":0,"2":0},"b":{},"_coverageSchema":"1a1c01bbd47fc00a2c39e90264f33305004495a9","hash":"12ba932152ae6648aba4f7803b51047781c0780a"}
,"C:\\Users\\wuban\\Documents\\GitHub\\cse110-sp21-group13\\source\\routes\\read\\daily.js": {"path":"C:\\Users\\wuban\\Documents\\GitHub\\cse110-sp21-group13\\source\\routes\\read\\daily.js","statementMap":{"0":{"start":{"line":1,"column":16},"end":{"line":1,"column":34}},"1":{"start":{"line":2,"column":0},"end":{"line":2,"column":40}},"2":{"start":{"line":3,"column":11},"end":{"line":3,"column":28}},"3":{"start":{"line":4,"column":21},"end":{"line":4,"column":63}},"4":{"start":{"line":16,"column":0},"end":{"line":76,"column":2}},"5":{"start":{"line":21,"column":20},"end":{"line":21,"column":22}},"6":{"start":{"line":23,"column":6},"end":{"line":73,"column":13}},"7":{"start":{"line":33,"column":12},"end":{"line":35,"column":13}},"8":{"start":{"line":34,"column":14},"end":{"line":34,"column":41}},"9":{"start":{"line":36,"column":23},"end":{"line":36,"column":24}},"10":{"start":{"line":38,"column":12},"end":{"line":69,"column":15}},"11":{"start":{"line":40,"column":14},"end":{"line":68,"column":21}},"12":{"start":{"line":49,"column":20},"end":{"line":51,"column":21}},"13":{"start":{"line":50,"column":22},"end":{"line":50,"column":62}},"14":{"start":{"line":54,"column":20},"end":{"line":54,"column":37}},"15":{"start":{"line":55,"column":20},"end":{"line":55,"column":38}},"16":{"start":{"line":58,"column":20},"end":{"line":58,"column":27}},"17":{"start":{"line":59,"column":20},"end":{"line":67,"column":21}},"18":{"start":{"line":61,"column":22},"end":{"line":63,"column":25}},"19":{"start":{"line":62,"column":24},"end":{"line":62,"column":49}},"20":{"start":{"line":64,"column":22},"end":{"line":64,"column":55}},"21":{"start":{"line":65,"column":22},"end":{"line":65,"column":49}},"22":{"start":{"line":66,"column":22},"end":{"line":66,"column":29}},"23":{"start":{"line":72,"column":12},"end":{"line":72,"column":30}}},"fnMap":{"0":{"name":"(anonymous_0)","decl":{"start":{"line":20,"column":8},"end":{"line":20,"column":9}},"loc":{"start":{"line":20,"column":33},"end":{"line":74,"column":5}},"line":20},"1":{"name":"(anonymous_1)","decl":{"start":{"line":32,"column":16},"end":{"line":32,"column":17}},"loc":{"start":{"line":32,"column":30},"end":{"line":70,"column":11}},"line":32},"2":{"name":"(anonymous_2)","decl":{"start":{"line":38,"column":45},"end":{"line":38,"column":46}},"loc":{"start":{"line":38,"column":71},"end":{"line":69,"column":13}},"line":38},"3":{"name":"(anonymous_3)","decl":{"start":{"line":48,"column":24},"end":{"line":48,"column":25}},"loc":{"start":{"line":48,"column":44},"end":{"line":52,"column":19}},"line":48},"4":{"name":"(anonymous_4)","decl":{"start":{"line":53,"column":25},"end":{"line":53,"column":26}},"loc":{"start":{"line":53,"column":34},"end":{"line":56,"column":19}},"line":53},"5":{"name":"(anonymous_5)","decl":{"start":{"line":57,"column":27},"end":{"line":57,"column":28}},"loc":{"start":{"line":57,"column":31},"end":{"line":68,"column":19}},"line":57},"6":{"name":"(anonymous_6)","decl":{"start":{"line":61,"column":47},"end":{"line":61,"column":48}},"loc":{"start":{"line":61,"column":61},"end":{"line":63,"column":23}},"line":61},"7":{"name":"(anonymous_7)","decl":{"start":{"line":71,"column":17},"end":{"line":71,"column":18}},"loc":{"start":{"line":71,"column":26},"end":{"line":73,"column":11}},"line":71}},"branchMap":{"0":{"loc":{"start":{"line":33,"column":12},"end":{"line":35,"column":13}},"type":"if","locations":[{"start":{"line":33,"column":12},"end":{"line":35,"column":13}},{"start":{"line":33,"column":12},"end":{"line":35,"column":13}}],"line":33},"1":{"loc":{"start":{"line":49,"column":20},"end":{"line":51,"column":21}},"type":"if","locations":[{"start":{"line":49,"column":20},"end":{"line":51,"column":21}},{"start":{"line":49,"column":20},"end":{"line":51,"column":21}}],"line":49},"2":{"loc":{"start":{"line":59,"column":20},"end":{"line":67,"column":21}},"type":"if","locations":[{"start":{"line":59,"column":20},"end":{"line":67,"column":21}},{"start":{"line":59,"column":20},"end":{"line":67,"column":21}}],"line":59}},"s":{"0":5,"1":5,"2":5,"3":5,"4":5,"5":8,"6":8,"7":7,"8":4,"9":7,"10":7,"11":3,"12":3,"13":3,"14":0,"15":0,"16":3,"17":3,"18":3,"19":3,"20":3,"21":3,"22":3,"23":1},"f":{"0":8,"1":7,"2":3,"3":3,"4":0,"5":3,"6":3,"7":1},"b":{"0":[4,3],"1":[3,0],"2":[3,0]},"_coverageSchema":"1a1c01bbd47fc00a2c39e90264f33305004495a9","hash":"05c81e269f4b4310d424de5de29ba75014fdd58a"}
,"C:\\Users\\wuban\\Documents\\GitHub\\cse110-sp21-group13\\source\\routes\\read\\month.js": {"path":"C:\\Users\\wuban\\Documents\\GitHub\\cse110-sp21-group13\\source\\routes\\read\\month.js","statementMap":{"0":{"start":{"line":1,"column":16},"end":{"line":1,"column":34}},"1":{"start":{"line":2,"column":0},"end":{"line":2,"column":40}},"2":{"start":{"line":3,"column":11},"end":{"line":3,"column":28}},"3":{"start":{"line":4,"column":21},"end":{"line":4,"column":63}},"4":{"start":{"line":19,"column":0},"end":{"line":110,"column":2}},"5":{"start":{"line":24,"column":22},"end":{"line":24,"column":24}},"6":{"start":{"line":27,"column":6},"end":{"line":35,"column":9}},"7":{"start":{"line":32,"column":8},"end":{"line":32,"column":28}},"8":{"start":{"line":34,"column":8},"end":{"line":34,"column":26}},"9":{"start":{"line":38,"column":6},"end":{"line":107,"column":13}},"10":{"start":{"line":48,"column":12},"end":{"line":62,"column":13}},"11":{"start":{"line":50,"column":14},"end":{"line":61,"column":21}},"12":{"start":{"line":59,"column":20},"end":{"line":59,"column":58}},"13":{"start":{"line":60,"column":20},"end":{"line":60,"column":47}},"14":{"start":{"line":64,"column":23},"end":{"line":64,"column":24}},"15":{"start":{"line":66,"column":12},"end":{"line":102,"column":15}},"16":{"start":{"line":68,"column":14},"end":{"line":101,"column":21}},"17":{"start":{"line":76,"column":20},"end":{"line":76,"column":57}},"18":{"start":{"line":79,"column":20},"end":{"line":79,"column":38}},"19":{"start":{"line":83,"column":20},"end":{"line":83,"column":27}},"20":{"start":{"line":84,"column":20},"end":{"line":100,"column":21}},"21":{"start":{"line":85,"column":22},"end":{"line":85,"column":57}},"22":{"start":{"line":86,"column":22},"end":{"line":98,"column":29}},"23":{"start":{"line":95,"column":28},"end":{"line":95,"column":66}},"24":{"start":{"line":97,"column":28},"end":{"line":97,"column":55}},"25":{"start":{"line":99,"column":22},"end":{"line":99,"column":29}},"26":{"start":{"line":105,"column":12},"end":{"line":105,"column":29}},"27":{"start":{"line":106,"column":12},"end":{"line":106,"column":30}}},"fnMap":{"0":{"name":"(anonymous_0)","decl":{"start":{"line":23,"column":8},"end":{"line":23,"column":9}},"loc":{"start":{"line":23,"column":33},"end":{"line":108,"column":5}},"line":23},"1":{"name":"(anonymous_1)","decl":{"start":{"line":31,"column":14},"end":{"line":31,"column":15}},"loc":{"start":{"line":31,"column":26},"end":{"line":33,"column":7}},"line":31},"2":{"name":"(anonymous_2)","decl":{"start":{"line":33,"column":15},"end":{"line":33,"column":16}},"loc":{"start":{"line":33,"column":24},"end":{"line":35,"column":7}},"line":33},"3":{"name":"(anonymous_3)","decl":{"start":{"line":46,"column":16},"end":{"line":46,"column":17}},"loc":{"start":{"line":46,"column":30},"end":{"line":103,"column":11}},"line":46},"4":{"name":"(anonymous_4)","decl":{"start":{"line":58,"column":24},"end":{"line":58,"column":25}},"loc":{"start":{"line":58,"column":36},"end":{"line":61,"column":19}},"line":58},"5":{"name":"(anonymous_5)","decl":{"start":{"line":66,"column":45},"end":{"line":66,"column":46}},"loc":{"start":{"line":66,"column":71},"end":{"line":102,"column":13}},"line":66},"6":{"name":"(anonymous_6)","decl":{"start":{"line":75,"column":24},"end":{"line":75,"column":25}},"loc":{"start":{"line":75,"column":44},"end":{"line":77,"column":19}},"line":75},"7":{"name":"(anonymous_7)","decl":{"start":{"line":78,"column":25},"end":{"line":78,"column":26}},"loc":{"start":{"line":78,"column":34},"end":{"line":80,"column":19}},"line":78},"8":{"name":"(anonymous_8)","decl":{"start":{"line":81,"column":27},"end":{"line":81,"column":28}},"loc":{"start":{"line":81,"column":33},"end":{"line":101,"column":19}},"line":81},"9":{"name":"(anonymous_9)","decl":{"start":{"line":94,"column":32},"end":{"line":94,"column":33}},"loc":{"start":{"line":94,"column":44},"end":{"line":98,"column":27}},"line":94},"10":{"name":"(anonymous_10)","decl":{"start":{"line":104,"column":17},"end":{"line":104,"column":18}},"loc":{"start":{"line":104,"column":26},"end":{"line":107,"column":11}},"line":104}},"branchMap":{"0":{"loc":{"start":{"line":48,"column":12},"end":{"line":62,"column":13}},"type":"if","locations":[{"start":{"line":48,"column":12},"end":{"line":62,"column":13}},{"start":{"line":48,"column":12},"end":{"line":62,"column":13}}],"line":48},"1":{"loc":{"start":{"line":84,"column":20},"end":{"line":100,"column":21}},"type":"if","locations":[{"start":{"line":84,"column":20},"end":{"line":100,"column":21}},{"start":{"line":84,"column":20},"end":{"line":100,"column":21}}],"line":84}},"s":{"0":5,"1":5,"2":5,"3":5,"4":5,"5":3,"6":3,"7":3,"8":0,"9":3,"10":3,"11":3,"12":3,"13":3,"14":3,"15":3,"16":0,"17":0,"18":0,"19":0,"20":0,"21":0,"22":0,"23":0,"24":0,"25":0,"26":0,"27":0},"f":{"0":3,"1":3,"2":0,"3":3,"4":3,"5":0,"6":0,"7":0,"8":0,"9":0,"10":0},"b":{"0":[3,0],"1":[0,0]},"_coverageSchema":"1a1c01bbd47fc00a2c39e90264f33305004495a9","hash":"13d3c73f56dfeceae91d2b2c7b5cc0846ee3050b"}
,"C:\\Users\\wuban\\Documents\\GitHub\\cse110-sp21-group13\\source\\routes\\read\\user-data.js": {"path":"C:\\Users\\wuban\\Documents\\GitHub\\cse110-sp21-group13\\source\\routes\\read\\user-data.js","statementMap":{"0":{"start":{"line":1,"column":16},"end":{"line":1,"column":34}},"1":{"start":{"line":2,"column":0},"end":{"line":2,"column":40}},"2":{"start":{"line":3,"column":11},"end":{"line":3,"column":28}},"3":{"start":{"line":4,"column":21},"end":{"line":4,"column":63}},"4":{"start":{"line":10,"column":0},"end":{"line":41,"column":2}},"5":{"start":{"line":16,"column":6},"end":{"line":24,"column":9}},"6":{"start":{"line":21,"column":8},"end":{"line":21,"column":28}},"7":{"start":{"line":23,"column":8},"end":{"line":23,"column":26}},"8":{"start":{"line":27,"column":6},"end":{"line":38,"column":13}},"9":{"start":{"line":33,"column":12},"end":{"line":33,"column":31}},"10":{"start":{"line":36,"column":12},"end":{"line":36,"column":29}},"11":{"start":{"line":37,"column":12},"end":{"line":37,"column":30}}},"fnMap":{"0":{"name":"(anonymous_0)","decl":{"start":{"line":14,"column":8},"end":{"line":14,"column":9}},"loc":{"start":{"line":14,"column":33},"end":{"line":39,"column":5}},"line":14},"1":{"name":"(anonymous_1)","decl":{"start":{"line":20,"column":14},"end":{"line":20,"column":15}},"loc":{"start":{"line":20,"column":26},"end":{"line":22,"column":7}},"line":20},"2":{"name":"(anonymous_2)","decl":{"start":{"line":22,"column":15},"end":{"line":22,"column":16}},"loc":{"start":{"line":22,"column":24},"end":{"line":24,"column":7}},"line":22},"3":{"name":"(anonymous_3)","decl":{"start":{"line":32,"column":16},"end":{"line":32,"column":17}},"loc":{"start":{"line":32,"column":30},"end":{"line":34,"column":11}},"line":32},"4":{"name":"(anonymous_4)","decl":{"start":{"line":35,"column":17},"end":{"line":35,"column":18}},"loc":{"start":{"line":35,"column":26},"end":{"line":38,"column":11}},"line":35}},"branchMap":{},"s":{"0":5,"1":5,"2":5,"3":5,"4":5,"5":1,"6":1,"7":0,"8":1,"9":1,"10":0,"11":0},"f":{"0":1,"1":1,"2":0,"3":1,"4":0},"b":{},"_coverageSchema":"1a1c01bbd47fc00a2c39e90264f33305004495a9","hash":"65d0aa8c24a37360c958e290cf30d31554553fa1"}
,"C:\\Users\\wuban\\Documents\\GitHub\\cse110-sp21-group13\\source\\routes\\read\\user.js": {"path":"C:\\Users\\wuban\\Documents\\GitHub\\cse110-sp21-group13\\source\\routes\\read\\user.js","statementMap":{"0":{"start":{"line":1,"column":16},"end":{"line":1,"column":34}},"1":{"start":{"line":2,"column":0},"end":{"line":2,"column":40}},"2":{"start":{"line":3,"column":11},"end":{"line":3,"column":28}},"3":{"start":{"line":4,"column":21},"end":{"line":4,"column":63}},"4":{"start":{"line":12,"column":0},"end":{"line":32,"column":2}},"5":{"start":{"line":17,"column":6},"end":{"line":29,"column":13}},"6":{"start":{"line":20,"column":12},"end":{"line":20,"column":45}},"7":{"start":{"line":21,"column":12},"end":{"line":21,"column":32}},"8":{"start":{"line":23,"column":12},"end":{"line":23,"column":37}},"9":{"start":{"line":24,"column":12},"end":{"line":24,"column":31}},"10":{"start":{"line":27,"column":12},"end":{"line":27,"column":29}},"11":{"start":{"line":28,"column":12},"end":{"line":28,"column":30}}},"fnMap":{"0":{"name":"(anonymous_0)","decl":{"start":{"line":16,"column":8},"end":{"line":16,"column":9}},"loc":{"start":{"line":16,"column":33},"end":{"line":30,"column":5}},"line":16},"1":{"name":"(anonymous_1)","decl":{"start":{"line":18,"column":16},"end":{"line":18,"column":17}},"loc":{"start":{"line":18,"column":30},"end":{"line":25,"column":11}},"line":18},"2":{"name":"(anonymous_2)","decl":{"start":{"line":26,"column":17},"end":{"line":26,"column":18}},"loc":{"start":{"line":26,"column":26},"end":{"line":29,"column":11}},"line":26}},"branchMap":{},"s":{"0":5,"1":5,"2":5,"3":5,"4":5,"5":3,"6":2,"7":2,"8":2,"9":2,"10":1,"11":1},"f":{"0":3,"1":2,"2":1},"b":{},"_coverageSchema":"1a1c01bbd47fc00a2c39e90264f33305004495a9","hash":"58d44a8fd6a848d140a611470f63f3bb7aaa1ee7"}
,"C:\\Users\\wuban\\Documents\\GitHub\\cse110-sp21-group13\\source\\routes\\update\\bullet.js": {"path":"C:\\Users\\wuban\\Documents\\GitHub\\cse110-sp21-group13\\source\\routes\\update\\bullet.js","statementMap":{"0":{"start":{"line":1,"column":16},"end":{"line":1,"column":34}},"1":{"start":{"line":2,"column":0},"end":{"line":2,"column":40}},"2":{"start":{"line":3,"column":11},"end":{"line":3,"column":28}},"3":{"start":{"line":4,"column":21},"end":{"line":4,"column":63}},"4":{"start":{"line":12,"column":0},"end":{"line":54,"column":2}},"5":{"start":{"line":17,"column":6},"end":{"line":19,"column":7}},"6":{"start":{"line":18,"column":8},"end":{"line":18,"column":47}},"7":{"start":{"line":20,"column":6},"end":{"line":51,"column":13}},"8":{"start":{"line":30,"column":12},"end":{"line":37,"column":13}},"9":{"start":{"line":31,"column":14},"end":{"line":36,"column":15}},"10":{"start":{"line":32,"column":16},"end":{"line":33,"column":53}},"11":{"start":{"line":35,"column":16},"end":{"line":35,"column":59}},"12":{"start":{"line":39,"column":12},"end":{"line":46,"column":19}},"13":{"start":{"line":41,"column":18},"end":{"line":41,"column":38}},"14":{"start":{"line":44,"column":18},"end":{"line":44,"column":35}},"15":{"start":{"line":45,"column":18},"end":{"line":45,"column":36}},"16":{"start":{"line":49,"column":12},"end":{"line":49,"column":29}},"17":{"start":{"line":50,"column":12},"end":{"line":50,"column":30}}},"fnMap":{"0":{"name":"(anonymous_0)","decl":{"start":{"line":16,"column":8},"end":{"line":16,"column":9}},"loc":{"start":{"line":16,"column":33},"end":{"line":52,"column":5}},"line":16},"1":{"name":"(anonymous_1)","decl":{"start":{"line":28,"column":16},"end":{"line":28,"column":17}},"loc":{"start":{"line":28,"column":30},"end":{"line":47,"column":11}},"line":28},"2":{"name":"(anonymous_2)","decl":{"start":{"line":40,"column":22},"end":{"line":40,"column":23}},"loc":{"start":{"line":40,"column":28},"end":{"line":42,"column":17}},"line":40},"3":{"name":"(anonymous_3)","decl":{"start":{"line":43,"column":23},"end":{"line":43,"column":24}},"loc":{"start":{"line":43,"column":32},"end":{"line":46,"column":17}},"line":43},"4":{"name":"(anonymous_4)","decl":{"start":{"line":48,"column":17},"end":{"line":48,"column":18}},"loc":{"start":{"line":48,"column":26},"end":{"line":51,"column":11}},"line":48}},"branchMap":{"0":{"loc":{"start":{"line":17,"column":6},"end":{"line":19,"column":7}},"type":"if","locations":[{"start":{"line":17,"column":6},"end":{"line":19,"column":7}},{"start":{"line":17,"column":6},"end":{"line":19,"column":7}}],"line":17},"1":{"loc":{"start":{"line":31,"column":14},"end":{"line":36,"column":15}},"type":"if","locations":[{"start":{"line":31,"column":14},"end":{"line":36,"column":15}},{"start":{"line":31,"column":14},"end":{"line":36,"column":15}}],"line":31}},"s":{"0":5,"1":5,"2":5,"3":5,"4":5,"5":1,"6":0,"7":1,"8":1,"9":1,"10":1,"11":0,"12":1,"13":1,"14":0,"15":0,"16":0,"17":0},"f":{"0":1,"1":1,"2":1,"3":0,"4":0},"b":{"0":[0,1],"1":[1,0]},"_coverageSchema":"1a1c01bbd47fc00a2c39e90264f33305004495a9","hash":"fed2a24e4643e3e655e4b1932f7efcc1e9eb2e89"}
,"C:\\Users\\wuban\\Documents\\GitHub\\cse110-sp21-group13\\source\\routes\\update\\daily.js": {"path":"C:\\Users\\wuban\\Documents\\GitHub\\cse110-sp21-group13\\source\\routes\\update\\daily.js","statementMap":{"0":{"start":{"line":1,"column":16},"end":{"line":1,"column":34}},"1":{"start":{"line":2,"column":0},"end":{"line":2,"column":40}},"2":{"start":{"line":3,"column":11},"end":{"line":3,"column":28}},"3":{"start":{"line":4,"column":21},"end":{"line":4,"column":63}},"4":{"start":{"line":16,"column":0},"end":{"line":60,"column":2}},"5":{"start":{"line":22,"column":6},"end":{"line":24,"column":7}},"6":{"start":{"line":23,"column":8},"end":{"line":23,"column":47}},"7":{"start":{"line":26,"column":6},"end":{"line":57,"column":13}},"8":{"start":{"line":36,"column":12},"end":{"line":43,"column":13}},"9":{"start":{"line":37,"column":14},"end":{"line":42,"column":15}},"10":{"start":{"line":38,"column":16},"end":{"line":39,"column":53}},"11":{"start":{"line":41,"column":16},"end":{"line":41,"column":59}},"12":{"start":{"line":45,"column":12},"end":{"line":52,"column":19}},"13":{"start":{"line":47,"column":18},"end":{"line":47,"column":38}},"14":{"start":{"line":50,"column":18},"end":{"line":50,"column":35}},"15":{"start":{"line":51,"column":18},"end":{"line":51,"column":36}},"16":{"start":{"line":55,"column":12},"end":{"line":55,"column":29}},"17":{"start":{"line":56,"column":12},"end":{"line":56,"column":30}}},"fnMap":{"0":{"name":"(anonymous_0)","decl":{"start":{"line":20,"column":8},"end":{"line":20,"column":9}},"loc":{"start":{"line":20,"column":33},"end":{"line":58,"column":5}},"line":20},"1":{"name":"(anonymous_1)","decl":{"start":{"line":34,"column":16},"end":{"line":34,"column":17}},"loc":{"start":{"line":34,"column":30},"end":{"line":53,"column":11}},"line":34},"2":{"name":"(anonymous_2)","decl":{"start":{"line":46,"column":22},"end":{"line":46,"column":23}},"loc":{"start":{"line":46,"column":28},"end":{"line":48,"column":17}},"line":46},"3":{"name":"(anonymous_3)","decl":{"start":{"line":49,"column":23},"end":{"line":49,"column":24}},"loc":{"start":{"line":49,"column":32},"end":{"line":52,"column":17}},"line":49},"4":{"name":"(anonymous_4)","decl":{"start":{"line":54,"column":17},"end":{"line":54,"column":18}},"loc":{"start":{"line":54,"column":26},"end":{"line":57,"column":11}},"line":54}},"branchMap":{"0":{"loc":{"start":{"line":22,"column":6},"end":{"line":24,"column":7}},"type":"if","locations":[{"start":{"line":22,"column":6},"end":{"line":24,"column":7}},{"start":{"line":22,"column":6},"end":{"line":24,"column":7}}],"line":22},"1":{"loc":{"start":{"line":37,"column":14},"end":{"line":42,"column":15}},"type":"if","locations":[{"start":{"line":37,"column":14},"end":{"line":42,"column":15}},{"start":{"line":37,"column":14},"end":{"line":42,"column":15}}],"line":37}},"s":{"0":5,"1":5,"2":5,"3":5,"4":5,"5":1,"6":0,"7":1,"8":1,"9":3,"10":3,"11":0,"12":1,"13":1,"14":0,"15":0,"16":0,"17":0},"f":{"0":1,"1":1,"2":1,"3":0,"4":0},"b":{"0":[0,1],"1":[3,0]},"_coverageSchema":"1a1c01bbd47fc00a2c39e90264f33305004495a9","hash":"4c747e4ff6aae7b4e3eda39c920a70070e9adec5"}
,"C:\\Users\\wuban\\Documents\\GitHub\\cse110-sp21-group13\\source\\routes\\update\\month.js": {"path":"C:\\Users\\wuban\\Documents\\GitHub\\cse110-sp21-group13\\source\\routes\\update\\month.js","statementMap":{"0":{"start":{"line":1,"column":16},"end":{"line":1,"column":34}},"1":{"start":{"line":2,"column":0},"end":{"line":2,"column":40}},"2":{"start":{"line":3,"column":11},"end":{"line":3,"column":28}},"3":{"start":{"line":4,"column":21},"end":{"line":4,"column":63}},"4":{"start":{"line":17,"column":0},"end":{"line":61,"column":2}},"5":{"start":{"line":23,"column":6},"end":{"line":25,"column":7}},"6":{"start":{"line":24,"column":8},"end":{"line":24,"column":47}},"7":{"start":{"line":27,"column":6},"end":{"line":58,"column":13}},"8":{"start":{"line":37,"column":12},"end":{"line":44,"column":13}},"9":{"start":{"line":38,"column":14},"end":{"line":43,"column":15}},"10":{"start":{"line":39,"column":16},"end":{"line":40,"column":53}},"11":{"start":{"line":42,"column":16},"end":{"line":42,"column":59}},"12":{"start":{"line":46,"column":12},"end":{"line":53,"column":19}},"13":{"start":{"line":48,"column":18},"end":{"line":48,"column":38}},"14":{"start":{"line":51,"column":18},"end":{"line":51,"column":35}},"15":{"start":{"line":52,"column":18},"end":{"line":52,"column":36}},"16":{"start":{"line":56,"column":12},"end":{"line":56,"column":29}},"17":{"start":{"line":57,"column":12},"end":{"line":57,"column":30}}},"fnMap":{"0":{"name":"(anonymous_0)","decl":{"start":{"line":21,"column":8},"end":{"line":21,"column":9}},"loc":{"start":{"line":21,"column":33},"end":{"line":59,"column":5}},"line":21},"1":{"name":"(anonymous_1)","decl":{"start":{"line":35,"column":16},"end":{"line":35,"column":17}},"loc":{"start":{"line":35,"column":30},"end":{"line":54,"column":11}},"line":35},"2":{"name":"(anonymous_2)","decl":{"start":{"line":47,"column":22},"end":{"line":47,"column":23}},"loc":{"start":{"line":47,"column":28},"end":{"line":49,"column":17}},"line":47},"3":{"name":"(anonymous_3)","decl":{"start":{"line":50,"column":23},"end":{"line":50,"column":24}},"loc":{"start":{"line":50,"column":32},"end":{"line":53,"column":17}},"line":50},"4":{"name":"(anonymous_4)","decl":{"start":{"line":55,"column":17},"end":{"line":55,"column":18}},"loc":{"start":{"line":55,"column":26},"end":{"line":58,"column":11}},"line":55}},"branchMap":{"0":{"loc":{"start":{"line":23,"column":6},"end":{"line":25,"column":7}},"type":"if","locations":[{"start":{"line":23,"column":6},"end":{"line":25,"column":7}},{"start":{"line":23,"column":6},"end":{"line":25,"column":7}}],"line":23},"1":{"loc":{"start":{"line":38,"column":14},"end":{"line":43,"column":15}},"type":"if","locations":[{"start":{"line":38,"column":14},"end":{"line":43,"column":15}},{"start":{"line":38,"column":14},"end":{"line":43,"column":15}}],"line":38}},"s":{"0":5,"1":5,"2":5,"3":5,"4":5,"5":1,"6":0,"7":1,"8":1,"9":2,"10":2,"11":0,"12":1,"13":1,"14":0,"15":0,"16":0,"17":0},"f":{"0":1,"1":1,"2":1,"3":0,"4":0},"b":{"0":[0,1],"1":[2,0]},"_coverageSchema":"1a1c01bbd47fc00a2c39e90264f33305004495a9","hash":"61e01422a6146663af9dfccf9f12e6c466664226"}
,"C:\\Users\\wuban\\Documents\\GitHub\\cse110-sp21-group13\\source\\routes\\update\\user.js": {"path":"C:\\Users\\wuban\\Documents\\GitHub\\cse110-sp21-group13\\source\\routes\\update\\user.js","statementMap":{"0":{"start":{"line":1,"column":16},"end":{"line":1,"column":34}},"1":{"start":{"line":2,"column":0},"end":{"line":2,"column":40}},"2":{"start":{"line":3,"column":11},"end":{"line":3,"column":28}},"3":{"start":{"line":4,"column":15},"end":{"line":4,"column":32}},"4":{"start":{"line":5,"column":21},"end":{"line":5,"column":63}},"5":{"start":{"line":16,"column":0},"end":{"line":75,"column":2}},"6":{"start":{"line":21,"column":6},"end":{"line":23,"column":7}},"7":{"start":{"line":22,"column":8},"end":{"line":22,"column":47}},"8":{"start":{"line":24,"column":6},"end":{"line":72,"column":13}},"9":{"start":{"line":27,"column":12},"end":{"line":29,"column":13}},"10":{"start":{"line":28,"column":14},"end":{"line":28,"column":61}},"11":{"start":{"line":32,"column":12},"end":{"line":71,"column":13}},"12":{"start":{"line":33,"column":14},"end":{"line":61,"column":21}},"13":{"start":{"line":36,"column":20},"end":{"line":60,"column":21}},"14":{"start":{"line":37,"column":22},"end":{"line":38,"column":47}},"15":{"start":{"line":40,"column":22},"end":{"line":59,"column":29}},"16":{"start":{"line":43,"column":28},"end":{"line":46,"column":29}},"17":{"start":{"line":44,"column":30},"end":{"line":44,"column":47}},"18":{"start":{"line":45,"column":30},"end":{"line":45,"column":48}},"19":{"start":{"line":48,"column":28},"end":{"line":48,"column":59}},"20":{"start":{"line":49,"column":28},"end":{"line":49,"column":56}},"21":{"start":{"line":51,"column":28},"end":{"line":58,"column":35}},"22":{"start":{"line":53,"column":34},"end":{"line":53,"column":54}},"23":{"start":{"line":56,"column":34},"end":{"line":56,"column":51}},"24":{"start":{"line":57,"column":34},"end":{"line":57,"column":52}},"25":{"start":{"line":63,"column":14},"end":{"line":70,"column":21}},"26":{"start":{"line":65,"column":20},"end":{"line":65,"column":40}},"27":{"start":{"line":68,"column":20},"end":{"line":68,"column":37}},"28":{"start":{"line":69,"column":20},"end":{"line":69,"column":38}}},"fnMap":{"0":{"name":"(anonymous_0)","decl":{"start":{"line":20,"column":8},"end":{"line":20,"column":9}},"loc":{"start":{"line":20,"column":33},"end":{"line":73,"column":5}},"line":20},"1":{"name":"(anonymous_1)","decl":{"start":{"line":25,"column":16},"end":{"line":25,"column":17}},"loc":{"start":{"line":25,"column":30},"end":{"line":72,"column":11}},"line":25},"2":{"name":"(anonymous_2)","decl":{"start":{"line":35,"column":24},"end":{"line":35,"column":25}},"loc":{"start":{"line":35,"column":42},"end":{"line":61,"column":19}},"line":35},"3":{"name":"(anonymous_3)","decl":{"start":{"line":42,"column":26},"end":{"line":42,"column":27}},"loc":{"start":{"line":42,"column":46},"end":{"line":59,"column":27}},"line":42},"4":{"name":"(anonymous_4)","decl":{"start":{"line":52,"column":38},"end":{"line":52,"column":39}},"loc":{"start":{"line":52,"column":44},"end":{"line":54,"column":33}},"line":52},"5":{"name":"(anonymous_5)","decl":{"start":{"line":55,"column":39},"end":{"line":55,"column":40}},"loc":{"start":{"line":55,"column":48},"end":{"line":58,"column":33}},"line":55},"6":{"name":"(anonymous_6)","decl":{"start":{"line":64,"column":24},"end":{"line":64,"column":25}},"loc":{"start":{"line":64,"column":30},"end":{"line":66,"column":19}},"line":64},"7":{"name":"(anonymous_7)","decl":{"start":{"line":67,"column":25},"end":{"line":67,"column":26}},"loc":{"start":{"line":67,"column":34},"end":{"line":70,"column":19}},"line":67}},"branchMap":{"0":{"loc":{"start":{"line":21,"column":6},"end":{"line":23,"column":7}},"type":"if","locations":[{"start":{"line":21,"column":6},"end":{"line":23,"column":7}},{"start":{"line":21,"column":6},"end":{"line":23,"column":7}}],"line":21},"1":{"loc":{"start":{"line":27,"column":12},"end":{"line":29,"column":13}},"type":"if","locations":[{"start":{"line":27,"column":12},"end":{"line":29,"column":13}},{"start":{"line":27,"column":12},"end":{"line":29,"column":13}}],"line":27},"2":{"loc":{"start":{"line":32,"column":12},"end":{"line":71,"column":13}},"type":"if","locations":[{"start":{"line":32,"column":12},"end":{"line":71,"column":13}},{"start":{"line":32,"column":12},"end":{"line":71,"column":13}}],"line":32},"3":{"loc":{"start":{"line":36,"column":20},"end":{"line":60,"column":21}},"type":"if","locations":[{"start":{"line":36,"column":20},"end":{"line":60,"column":21}},{"start":{"line":36,"column":20},"end":{"line":60,"column":21}}],"line":36},"4":{"loc":{"start":{"line":43,"column":28},"end":{"line":46,"column":29}},"type":"if","locations":[{"start":{"line":43,"column":28},"end":{"line":46,"column":29}},{"start":{"line":43,"column":28},"end":{"line":46,"column":29}}],"line":43}},"s":{"0":5,"1":5,"2":5,"3":5,"4":5,"5":5,"6":4,"7":1,"8":3,"9":3,"10":0,"11":3,"12":3,"13":3,"14":1,"15":2,"16":2,"17":0,"18":0,"19":2,"20":2,"21":2,"22":2,"23":0,"24":0,"25":0,"26":0,"27":0,"28":0},"f":{"0":4,"1":3,"2":3,"3":2,"4":2,"5":0,"6":0,"7":0},"b":{"0":[1,3],"1":[0,3],"2":[3,0],"3":[1,2],"4":[0,2]},"_coverageSchema":"1a1c01bbd47fc00a2c39e90264f33305004495a9","hash":"4fe1f882d4aed2f42a6a74ee9d139f4037ff5ecf"}
,"C:\\Users\\wuban\\Documents\\GitHub\\cse110-sp21-group13\\source\\services\\setup_passport.js": {"path":"C:\\Users\\wuban\\Documents\\GitHub\\cse110-sp21-group13\\source\\services\\setup_passport.js","statementMap":{"0":{"start":{"line":1,"column":17},"end":{"line":1,"column":36}},"1":{"start":{"line":2,"column":22},"end":{"line":2,"column":56}},"2":{"start":{"line":3,"column":16},"end":{"line":3,"column":34}},"3":{"start":{"line":4,"column":0},"end":{"line":4,"column":40}},"4":{"start":{"line":5,"column":11},"end":{"line":5,"column":28}},"5":{"start":{"line":6,"column":15},"end":{"line":6,"column":32}},"6":{"start":{"line":8,"column":0},"end":{"line":16,"column":2}},"7":{"start":{"line":9,"column":2},"end":{"line":11,"column":5}},"8":{"start":{"line":10,"column":4},"end":{"line":10,"column":21}},"9":{"start":{"line":13,"column":2},"end":{"line":15,"column":5}},"10":{"start":{"line":14,"column":4},"end":{"line":14,"column":21}},"11":{"start":{"line":18,"column":0},"end":{"line":38,"column":4}},"12":{"start":{"line":21,"column":2},"end":{"line":37,"column":5}},"13":{"start":{"line":28,"column":4},"end":{"line":34,"column":7}},"14":{"start":{"line":29,"column":6},"end":{"line":33,"column":7}},"15":{"start":{"line":30,"column":8},"end":{"line":30,"column":42}},"16":{"start":{"line":32,"column":8},"end":{"line":32,"column":76}},"17":{"start":{"line":36,"column":4},"end":{"line":36,"column":72}}},"fnMap":{"0":{"name":"(anonymous_0)","decl":{"start":{"line":8,"column":17},"end":{"line":8,"column":18}},"loc":{"start":{"line":8,"column":28},"end":{"line":16,"column":1}},"line":8},"1":{"name":"(anonymous_1)","decl":{"start":{"line":9,"column":25},"end":{"line":9,"column":26}},"loc":{"start":{"line":9,"column":46},"end":{"line":11,"column":3}},"line":9},"2":{"name":"(anonymous_2)","decl":{"start":{"line":13,"column":27},"end":{"line":13,"column":28}},"loc":{"start":{"line":13,"column":48},"end":{"line":15,"column":3}},"line":13},"3":{"name":"(anonymous_3)","decl":{"start":{"line":18,"column":40},"end":{"line":18,"column":41}},"loc":{"start":{"line":18,"column":75},"end":{"line":38,"column":1}},"line":18},"4":{"name":"(anonymous_4)","decl":{"start":{"line":27,"column":10},"end":{"line":27,"column":11}},"loc":{"start":{"line":27,"column":22},"end":{"line":35,"column":3}},"line":27},"5":{"name":"(anonymous_5)","decl":{"start":{"line":28,"column":59},"end":{"line":28,"column":60}},"loc":{"start":{"line":28,"column":77},"end":{"line":34,"column":5}},"line":28},"6":{"name":"(anonymous_6)","decl":{"start":{"line":35,"column":11},"end":{"line":35,"column":12}},"loc":{"start":{"line":35,"column":20},"end":{"line":37,"column":3}},"line":35}},"branchMap":{"0":{"loc":{"start":{"line":29,"column":6},"end":{"line":33,"column":7}},"type":"if","locations":[{"start":{"line":29,"column":6},"end":{"line":33,"column":7}},{"start":{"line":29,"column":6},"end":{"line":33,"column":7}}],"line":29}},"s":{"0":5,"1":5,"2":5,"3":5,"4":5,"5":5,"6":5,"7":5,"8":5,"9":5,"10":42,"11":5,"12":6,"13":6,"14":6,"15":5,"16":1,"17":0},"f":{"0":5,"1":5,"2":42,"3":6,"4":6,"5":6,"6":0},"b":{"0":[5,1]},"_coverageSchema":"1a1c01bbd47fc00a2c39e90264f33305004495a9","hash":"e0fa911a18b35987dea523c638eb2e84a4ce2962"}
}
