TN:
SF:start.js
FN:32,(anonymous_0)
FN:36,(anonymous_1)
FN:40,(anonymous_2)
FN:54,(anonymous_3)
FN:73,(anonymous_4)
FN:80,(anonymous_5)
FN:90,(anonymous_6)
FN:104,(anonymous_7)
FNF:8
FNH:3
FNDA:0,(anonymous_0)
FNDA:3,(anonymous_1)
FNDA:0,(anonymous_2)
FNDA:3,(anonymous_3)
FNDA:0,(anonymous_4)
FNDA:0,(anonymous_5)
FNDA:0,(anonymous_6)
FNDA:5,(anonymous_7)
DA:1,5
DA:2,5
DA:3,5
DA:4,5
DA:5,5
DA:6,5
DA:7,5
DA:8,5
DA:9,5
DA:11,5
DA:13,5
DA:14,5
DA:15,5
DA:21,5
DA:22,5
DA:26,5
DA:27,5
DA:28,5
DA:29,5
DA:30,5
DA:32,5
DA:33,0
DA:36,5
DA:37,3
DA:40,5
DA:41,0
DA:44,5
DA:46,5
DA:48,5
DA:51,5
DA:52,5
DA:54,5
DA:55,3
DA:56,3
DA:57,3
DA:62,5
DA:64,0
DA:68,0
DA:71,0
DA:72,0
DA:73,0
DA:75,0
DA:76,0
DA:77,0
DA:80,0
DA:81,0
DA:82,0
DA:86,0
DA:90,0
DA:91,0
DA:94,0
DA:95,0
DA:96,0
DA:97,0
DA:101,0
DA:104,5
DA:105,5
DA:109,5
LF:58
LH:37
BRDA:62,0,0,0
BRDA:62,0,1,5
BRDA:68,1,0,0
BRDA:68,1,1,0
BRDA:95,2,0,0
BRDA:95,2,1,0
BRDA:104,3,0,5
BRDA:104,3,1,5
BRF:8
BRH:3
end_of_record
TN:
SF:middleware\authenticate.js
FN:1,(anonymous_0)
FNF:1
FNH:1
FNDA:38,(anonymous_0)
DA:1,5
DA:2,38
DA:3,38
DA:5,0
LF:4
LH:3
BRDA:2,0,0,38
BRDA:2,0,1,0
BRF:2
BRH:1
end_of_record
TN:
SF:routes\create\bullet.js
FN:20,(anonymous_0)
FN:24,(anonymous_1)
FN:48,(anonymous_2)
FN:51,(anonymous_3)
FN:55,(anonymous_4)
FN:56,(anonymous_5)
FN:60,(anonymous_6)
FN:65,(anonymous_7)
FN:70,(anonymous_8)
FNF:9
FNH:6
FNDA:1,(anonymous_0)
FNDA:7,(anonymous_1)
FNDA:1,(anonymous_2)
FNDA:1,(anonymous_3)
FNDA:1,(anonymous_4)
FNDA:0,(anonymous_5)
FNDA:1,(anonymous_6)
FNDA:0,(anonymous_7)
FNDA:0,(anonymous_8)
DA:1,5
DA:2,5
DA:3,5
DA:4,5
DA:16,5
DA:22,1
DA:24,1
DA:25,7
DA:26,0
DA:30,1
DA:50,1
DA:52,1
DA:54,1
DA:57,0
DA:58,0
DA:61,1
DA:62,1
DA:66,0
DA:67,0
DA:71,0
DA:72,0
LF:21
LH:14
BRDA:25,0,0,0
BRDA:25,0,1,7
BRF:2
BRH:1
end_of_record
TN:
SF:routes\create\daily.js
FN:19,(anonymous_0)
FN:22,(anonymous_1)
FN:39,(anonymous_2)
FN:42,(anonymous_3)
FNF:4
FNH:3
FNDA:6,(anonymous_0)
FNDA:18,(anonymous_1)
FNDA:6,(anonymous_2)
FNDA:0,(anonymous_3)
DA:1,5
DA:2,5
DA:3,5
DA:4,5
DA:15,5
DA:21,6
DA:22,6
DA:23,18
DA:24,0
DA:27,6
DA:40,6
DA:43,0
DA:44,0
LF:13
LH:10
BRDA:23,0,0,0
BRDA:23,0,1,18
BRF:2
BRH:1
end_of_record
TN:
SF:routes\create\month.js
FN:19,(anonymous_0)
FN:22,(anonymous_1)
FN:37,(anonymous_2)
FN:41,(anonymous_3)
FNF:4
FNH:3
FNDA:1,(anonymous_0)
FNDA:2,(anonymous_1)
FNDA:1,(anonymous_2)
FNDA:0,(anonymous_3)
DA:1,5
DA:2,5
DA:3,5
DA:4,5
DA:15,5
DA:21,1
DA:22,1
DA:23,2
DA:24,0
DA:27,1
DA:38,1
DA:39,1
DA:42,0
DA:43,0
LF:14
LH:11
BRDA:23,0,0,0
BRDA:23,0,1,2
BRF:2
BRH:1
end_of_record
TN:
SF:routes\create\session.js
FN:11,(anonymous_0)
FN:15,(anonymous_1)
FN:21,(anonymous_2)
FNF:3
FNH:2
FNDA:0,(anonymous_0)
FNDA:1,(anonymous_1)
FNDA:1,(anonymous_2)
DA:1,5
DA:3,5
DA:16,1
DA:22,1
LF:4
LH:4
BRF:0
BRH:0
end_of_record
TN:
SF:routes\create\user.js
FN:10,(anonymous_0)
FN:14,(anonymous_1)
FN:20,(anonymous_2)
FN:30,(anonymous_3)
FN:32,(anonymous_4)
FNF:5
FNH:4
FNDA:5,(anonymous_0)
FNDA:10,(anonymous_1)
FNDA:4,(anonymous_2)
FNDA:4,(anonymous_3)
FNDA:0,(anonymous_4)
DA:1,5
DA:2,5
DA:3,5
DA:4,5
DA:7,5
DA:12,5
DA:14,5
DA:15,10
DA:16,1
DA:20,4
DA:21,4
DA:31,4
DA:33,0
LF:13
LH:12
BRDA:15,0,0,1
BRDA:15,0,1,9
BRF:2
BRH:2
end_of_record
TN:
SF:routes\delete\bullet.js
FN:16,(anonymous_0)
FN:25,(anonymous_1)
FN:29,(anonymous_2)
FN:37,(anonymous_3)
FN:38,(anonymous_4)
FN:42,(anonymous_5)
FN:46,(anonymous_6)
FNF:7
FNH:4
FNDA:1,(anonymous_0)
FNDA:1,(anonymous_1)
FNDA:1,(anonymous_2)
FNDA:1,(anonymous_3)
FNDA:0,(anonymous_4)
FNDA:0,(anonymous_5)
FNDA:0,(anonymous_6)
DA:1,5
DA:2,5
DA:3,5
DA:4,5
DA:12,5
DA:17,1
DA:27,1
DA:28,1
DA:31,1
DA:38,1
DA:39,0
DA:43,0
DA:47,0
LF:13
LH:10
BRF:0
BRH:0
end_of_record
TN:
SF:routes\delete\daily.js
FN:13,(anonymous_0)
FN:23,(anonymous_1)
FN:25,(anonymous_2)
FN:34,(anonymous_3)
FN:38,(anonymous_4)
FN:47,(anonymous_5)
FNF:6
FNH:3
FNDA:2,(anonymous_0)
FNDA:2,(anonymous_1)
FNDA:0,(anonymous_2)
FNDA:0,(anonymous_3)
FNDA:0,(anonymous_4)
FNDA:1,(anonymous_5)
DA:1,5
DA:2,5
DA:3,5
DA:4,5
DA:9,5
DA:15,2
DA:25,2
DA:26,0
DA:36,0
DA:39,0
DA:40,0
DA:44,1
DA:45,1
DA:48,1
DA:49,1
LF:15
LH:11
BRF:0
BRH:0
end_of_record
TN:
SF:routes\delete\month.js
FN:13,(anonymous_0)
FN:23,(anonymous_1)
FN:25,(anonymous_2)
FN:34,(anonymous_3)
FN:38,(anonymous_4)
FN:47,(anonymous_5)
FNF:6
FNH:3
FNDA:2,(anonymous_0)
FNDA:2,(anonymous_1)
FNDA:0,(anonymous_2)
FNDA:0,(anonymous_3)
FNDA:0,(anonymous_4)
FNDA:1,(anonymous_5)
DA:1,5
DA:2,5
DA:3,5
DA:4,5
DA:9,5
DA:15,2
DA:25,2
DA:26,0
DA:36,0
DA:39,0
DA:40,0
DA:44,1
DA:45,1
DA:48,1
DA:49,1
LF:15
LH:11
BRF:0
BRH:0
end_of_record
TN:
SF:routes\delete\session.js
FN:5,(anonymous_0)
FN:7,(anonymous_1)
FNF:2
FNH:2
FNDA:2,(anonymous_0)
FNDA:2,(anonymous_1)
DA:1,5
DA:6,2
DA:7,2
DA:8,2
DA:9,0
DA:12,2
LF:6
LH:5
BRDA:8,0,0,0
BRDA:8,0,1,2
BRF:2
BRH:1
end_of_record
TN:
SF:routes\delete\user-data.js
FN:11,(anonymous_0)
FN:17,(anonymous_1)
FN:19,(anonymous_2)
FN:29,(anonymous_3)
FN:30,(anonymous_4)
FN:34,(anonymous_5)
FN:41,(anonymous_6)
FN:45,(anonymous_7)
FNF:8
FNH:6
FNDA:3,(anonymous_0)
FNDA:2,(anonymous_1)
FNDA:0,(anonymous_2)
FNDA:1,(anonymous_3)
FNDA:2,(anonymous_4)
FNDA:0,(anonymous_5)
FNDA:2,(anonymous_6)
FNDA:1,(anonymous_7)
DA:1,5
DA:2,5
DA:3,5
DA:4,5
DA:7,5
DA:13,3
DA:18,2
DA:20,0
DA:24,3
DA:30,1
DA:31,2
DA:35,0
DA:36,0
DA:40,3
DA:42,2
DA:43,2
DA:46,1
DA:47,1
LF:18
LH:15
BRF:0
BRH:0
end_of_record
TN:
SF:routes\read\bullet.js
FN:15,(anonymous_0)
FN:23,(anonymous_1)
FN:25,(anonymous_2)
FNF:3
FNH:0
FNDA:0,(anonymous_0)
FNDA:0,(anonymous_1)
FNDA:0,(anonymous_2)
DA:1,5
DA:2,5
DA:3,5
DA:4,5
DA:11,5
DA:16,0
DA:24,0
DA:26,0
DA:27,0
LF:9
LH:5
BRF:0
BRH:0
end_of_record
TN:
SF:routes\read\daily.js
FN:20,(anonymous_0)
FN:32,(anonymous_1)
FN:38,(anonymous_2)
FN:48,(anonymous_3)
FN:53,(anonymous_4)
FN:57,(anonymous_5)
FN:61,(anonymous_6)
FN:71,(anonymous_7)
FNF:8
FNH:7
FNDA:8,(anonymous_0)
FNDA:7,(anonymous_1)
FNDA:3,(anonymous_2)
FNDA:3,(anonymous_3)
FNDA:0,(anonymous_4)
FNDA:3,(anonymous_5)
FNDA:3,(anonymous_6)
FNDA:1,(anonymous_7)
DA:1,5
DA:2,5
DA:3,5
DA:4,5
DA:16,5
DA:21,8
DA:23,8
DA:33,7
DA:34,4
DA:36,7
DA:38,7
DA:40,3
DA:49,3
DA:50,3
DA:54,0
DA:55,0
DA:58,3
DA:59,3
DA:61,3
DA:62,3
DA:64,3
DA:65,3
DA:66,3
DA:72,1
LF:24
LH:22
BRDA:33,0,0,4
BRDA:33,0,1,3
BRDA:49,1,0,3
BRDA:49,1,1,0
BRDA:59,2,0,3
BRDA:59,2,1,0
BRF:6
BRH:4
end_of_record
TN:
SF:routes\read\month.js
FN:23,(anonymous_0)
FN:31,(anonymous_1)
FN:33,(anonymous_2)
FN:46,(anonymous_3)
FN:58,(anonymous_4)
FN:66,(anonymous_5)
FN:75,(anonymous_6)
FN:78,(anonymous_7)
FN:81,(anonymous_8)
FN:94,(anonymous_9)
FN:104,(anonymous_10)
FNF:11
FNH:4
FNDA:3,(anonymous_0)
FNDA:3,(anonymous_1)
FNDA:0,(anonymous_2)
FNDA:3,(anonymous_3)
FNDA:3,(anonymous_4)
FNDA:0,(anonymous_5)
FNDA:0,(anonymous_6)
FNDA:0,(anonymous_7)
FNDA:0,(anonymous_8)
FNDA:0,(anonymous_9)
FNDA:0,(anonymous_10)
DA:1,5
DA:2,5
DA:3,5
DA:4,5
DA:19,5
DA:24,3
DA:27,3
DA:32,3
DA:34,0
DA:38,3
DA:48,3
DA:50,3
DA:59,3
DA:60,3
DA:64,3
DA:66,3
DA:68,0
DA:76,0
DA:79,0
DA:83,0
DA:84,0
DA:85,0
DA:86,0
DA:95,0
DA:97,0
DA:99,0
DA:105,0
DA:106,0
LF:28
LH:15
BRDA:48,0,0,3
BRDA:48,0,1,0
BRDA:84,1,0,0
BRDA:84,1,1,0
BRF:4
BRH:1
end_of_record
TN:
SF:routes\read\user-data.js
FN:14,(anonymous_0)
FN:20,(anonymous_1)
FN:22,(anonymous_2)
FN:32,(anonymous_3)
FN:35,(anonymous_4)
FNF:5
FNH:3
FNDA:1,(anonymous_0)
FNDA:1,(anonymous_1)
FNDA:0,(anonymous_2)
FNDA:1,(anonymous_3)
FNDA:0,(anonymous_4)
DA:1,5
DA:2,5
DA:3,5
DA:4,5
DA:10,5
DA:16,1
DA:21,1
DA:23,0
DA:27,1
DA:33,1
DA:36,0
DA:37,0
LF:12
LH:9
BRF:0
BRH:0
end_of_record
TN:
SF:routes\read\user.js
FN:16,(anonymous_0)
FN:18,(anonymous_1)
FN:26,(anonymous_2)
FNF:3
FNH:3
FNDA:3,(anonymous_0)
FNDA:2,(anonymous_1)
FNDA:1,(anonymous_2)
DA:1,5
DA:2,5
DA:3,5
DA:4,5
DA:12,5
DA:17,3
DA:20,2
DA:21,2
DA:23,2
DA:24,2
DA:27,1
DA:28,1
LF:12
LH:12
BRF:0
BRH:0
end_of_record
TN:
SF:routes\update\bullet.js
FN:16,(anonymous_0)
FN:28,(anonymous_1)
FN:40,(anonymous_2)
FN:43,(anonymous_3)
FN:48,(anonymous_4)
FNF:5
FNH:3
FNDA:1,(anonymous_0)
FNDA:1,(anonymous_1)
FNDA:1,(anonymous_2)
FNDA:0,(anonymous_3)
FNDA:0,(anonymous_4)
DA:1,5
DA:2,5
DA:3,5
DA:4,5
DA:12,5
DA:17,1
DA:18,0
DA:20,1
DA:30,1
DA:31,1
DA:32,1
DA:35,0
DA:39,1
DA:41,1
DA:44,0
DA:45,0
DA:49,0
DA:50,0
LF:18
LH:12
BRDA:17,0,0,0
BRDA:17,0,1,1
BRDA:31,1,0,1
BRDA:31,1,1,0
BRF:4
BRH:2
end_of_record
TN:
SF:routes\update\daily.js
FN:20,(anonymous_0)
FN:34,(anonymous_1)
FN:46,(anonymous_2)
FN:49,(anonymous_3)
FN:54,(anonymous_4)
FNF:5
FNH:3
FNDA:1,(anonymous_0)
FNDA:1,(anonymous_1)
FNDA:1,(anonymous_2)
FNDA:0,(anonymous_3)
FNDA:0,(anonymous_4)
DA:1,5
DA:2,5
DA:3,5
DA:4,5
DA:16,5
DA:22,1
DA:23,0
DA:26,1
DA:36,1
DA:37,3
DA:38,3
DA:41,0
DA:45,1
DA:47,1
DA:50,0
DA:51,0
DA:55,0
DA:56,0
LF:18
LH:12
BRDA:22,0,0,0
BRDA:22,0,1,1
BRDA:37,1,0,3
BRDA:37,1,1,0
BRF:4
BRH:2
end_of_record
TN:
SF:routes\update\month.js
FN:21,(anonymous_0)
FN:35,(anonymous_1)
FN:47,(anonymous_2)
FN:50,(anonymous_3)
FN:55,(anonymous_4)
FNF:5
FNH:3
FNDA:1,(anonymous_0)
FNDA:1,(anonymous_1)
FNDA:1,(anonymous_2)
FNDA:0,(anonymous_3)
FNDA:0,(anonymous_4)
DA:1,5
DA:2,5
DA:3,5
DA:4,5
DA:17,5
DA:23,1
DA:24,0
DA:27,1
DA:37,1
DA:38,2
DA:39,2
DA:42,0
DA:46,1
DA:48,1
DA:51,0
DA:52,0
DA:56,0
DA:57,0
LF:18
LH:12
BRDA:23,0,0,0
BRDA:23,0,1,1
BRDA:38,1,0,2
BRDA:38,1,1,0
BRF:4
BRH:2
end_of_record
TN:
SF:routes\update\user.js
FN:20,(anonymous_0)
FN:25,(anonymous_1)
FN:35,(anonymous_2)
FN:42,(anonymous_3)
FN:52,(anonymous_4)
FN:55,(anonymous_5)
FN:64,(anonymous_6)
FN:67,(anonymous_7)
FNF:8
FNH:5
FNDA:4,(anonymous_0)
FNDA:3,(anonymous_1)
FNDA:3,(anonymous_2)
FNDA:2,(anonymous_3)
FNDA:2,(anonymous_4)
FNDA:0,(anonymous_5)
FNDA:0,(anonymous_6)
FNDA:0,(anonymous_7)
DA:1,5
DA:2,5
DA:3,5
DA:4,5
DA:5,5
DA:16,5
DA:21,4
DA:22,1
DA:24,3
DA:27,3
DA:28,0
DA:32,3
DA:33,3
DA:36,3
DA:37,1
DA:40,2
DA:43,2
DA:44,0
DA:45,0
DA:48,2
DA:49,2
DA:51,2
DA:53,2
DA:56,0
DA:57,0
DA:63,0
DA:65,0
DA:68,0
DA:69,0
LF:29
LH:20
BRDA:21,0,0,1
BRDA:21,0,1,3
BRDA:27,1,0,0
BRDA:27,1,1,3
BRDA:32,2,0,3
BRDA:32,2,1,0
BRDA:36,3,0,1
BRDA:36,3,1,2
BRDA:43,4,0,0
BRDA:43,4,1,2
BRF:10
BRH:7
end_of_record
TN:
SF:services\setup_passport.js
FN:8,(anonymous_0)
FN:9,(anonymous_1)
FN:13,(anonymous_2)
FN:18,(anonymous_3)
FN:27,(anonymous_4)
FN:28,(anonymous_5)
FN:35,(anonymous_6)
FNF:7
FNH:6
FNDA:5,(anonymous_0)
FNDA:5,(anonymous_1)
FNDA:42,(anonymous_2)
FNDA:6,(anonymous_3)
FNDA:6,(anonymous_4)
FNDA:6,(anonymous_5)
FNDA:0,(anonymous_6)
DA:1,5
DA:2,5
DA:3,5
DA:4,5
DA:5,5
DA:6,5
DA:8,5
DA:9,5
DA:10,5
DA:13,5
DA:14,42
DA:18,5
DA:21,6
DA:28,6
DA:29,6
DA:30,5
DA:32,1
DA:36,0
LF:18
LH:17
BRDA:29,0,0,5
BRDA:29,0,1,1
BRF:2
BRH:2
end_of_record
